{"/home/wael/STAGE-PFE/Project/App/CatchApp_The_Innovators/src/App.js": {"path":"/home/wael/STAGE-PFE/Project/App/CatchApp_The_Innovators/src/App.js","statementMap":{"0":{"start":{"line":40,"column":30},"end":{"line":40,"column":45}},"1":{"start":{"line":42,"column":2},"end":{"line":46,"column":9}},"2":{"start":{"line":43,"column":4},"end":{"line":45,"column":13}},"3":{"start":{"line":44,"column":6},"end":{"line":44,"column":22}},"4":{"start":{"line":48,"column":2},"end":{"line":102,"column":4}}},"fnMap":{"0":{"name":"App","decl":{"start":{"line":39,"column":9},"end":{"line":39,"column":12}},"loc":{"start":{"line":39,"column":15},"end":{"line":103,"column":1}},"line":39},"1":{"name":"(anonymous_1)","decl":{"start":{"line":42,"column":12},"end":{"line":42,"column":13}},"loc":{"start":{"line":42,"column":18},"end":{"line":46,"column":3}},"line":42},"2":{"name":"(anonymous_2)","decl":{"start":{"line":43,"column":15},"end":{"line":43,"column":16}},"loc":{"start":{"line":43,"column":21},"end":{"line":45,"column":5}},"line":43}},"branchMap":{"0":{"loc":{"start":{"line":51,"column":7},"end":{"line":100,"column":7}},"type":"cond-expr","locations":[{"start":{"line":53,"column":8},"end":{"line":94,"column":11}},{"start":{"line":99,"column":8},"end":{"line":99,"column":19}}],"line":51}},"s":{"0":1,"1":1,"2":1,"3":0,"4":1},"f":{"0":1,"1":1,"2":0},"b":{"0":[0,1]},"_coverageSchema":"1a1c01bbd47fc00a2c39e90264f33305004495a9","hash":"1baf44b968e16eb4e653ff241407e8e0809a3d0e"}
,"/home/wael/STAGE-PFE/Project/App/CatchApp_The_Innovators/src/AdminDash/AdminDash.js": {"path":"/home/wael/STAGE-PFE/Project/App/CatchApp_The_Innovators/src/AdminDash/AdminDash.js","statementMap":{"0":{"start":{"line":5,"column":17},"end":{"line":25,"column":1}},"1":{"start":{"line":8,"column":21},"end":{"line":8,"column":33}},"2":{"start":{"line":11,"column":28},"end":{"line":15,"column":3}},"3":{"start":{"line":12,"column":4},"end":{"line":14,"column":5}},"4":{"start":{"line":13,"column":6},"end":{"line":13,"column":40}},"5":{"start":{"line":17,"column":2},"end":{"line":24,"column":4}}},"fnMap":{"0":{"name":"(anonymous_0)","decl":{"start":{"line":5,"column":17},"end":{"line":5,"column":18}},"loc":{"start":{"line":5,"column":22},"end":{"line":25,"column":1}},"line":5},"1":{"name":"(anonymous_1)","decl":{"start":{"line":11,"column":28},"end":{"line":11,"column":29}},"loc":{"start":{"line":11,"column":34},"end":{"line":15,"column":3}},"line":11}},"branchMap":{"0":{"loc":{"start":{"line":12,"column":4},"end":{"line":14,"column":5}},"type":"if","locations":[{"start":{"line":12,"column":4},"end":{"line":14,"column":5}},{"start":{},"end":{}}],"line":12}},"s":{"0":2,"1":5,"2":4,"3":0,"4":0,"5":4},"f":{"0":5,"1":0},"b":{"0":[0,0]},"_coverageSchema":"1a1c01bbd47fc00a2c39e90264f33305004495a9","hash":"460ea45957b0adc5b66de56c8e5791eaecd712b2"}
,"/home/wael/STAGE-PFE/Project/App/CatchApp_The_Innovators/src/Event/AddEvent.js": {"path":"/home/wael/STAGE-PFE/Project/App/CatchApp_The_Innovators/src/Event/AddEvent.js","statementMap":{"0":{"start":{"line":12,"column":16},"end":{"line":503,"column":1}},"1":{"start":{"line":13,"column":40},"end":{"line":13,"column":52}},"2":{"start":{"line":14,"column":28},"end":{"line":14,"column":40}},"3":{"start":{"line":15,"column":28},"end":{"line":15,"column":40}},"4":{"start":{"line":16,"column":38},"end":{"line":16,"column":50}},"5":{"start":{"line":17,"column":28},"end":{"line":17,"column":40}},"6":{"start":{"line":18,"column":28},"end":{"line":18,"column":40}},"7":{"start":{"line":19,"column":40},"end":{"line":19,"column":52}},"8":{"start":{"line":20,"column":28},"end":{"line":20,"column":40}},"9":{"start":{"line":21,"column":24},"end":{"line":21,"column":36}},"10":{"start":{"line":22,"column":34},"end":{"line":22,"column":46}},"11":{"start":{"line":23,"column":24},"end":{"line":23,"column":36}},"12":{"start":{"line":24,"column":33},"end":{"line":24,"column":45}},"13":{"start":{"line":25,"column":33},"end":{"line":25,"column":45}},"14":{"start":{"line":26,"column":21},"end":{"line":26,"column":33}},"15":{"start":{"line":27,"column":17},"end":{"line":27,"column":30}},"16":{"start":{"line":34,"column":21},"end":{"line":34,"column":33}},"17":{"start":{"line":37,"column":28},"end":{"line":41,"column":3}},"18":{"start":{"line":38,"column":4},"end":{"line":40,"column":5}},"19":{"start":{"line":39,"column":6},"end":{"line":39,"column":40}},"20":{"start":{"line":46,"column":21},"end":{"line":52,"column":3}},"21":{"start":{"line":47,"column":21},"end":{"line":47,"column":63}},"22":{"start":{"line":48,"column":17},"end":{"line":48,"column":38}},"23":{"start":{"line":49,"column":4},"end":{"line":51,"column":5}},"24":{"start":{"line":50,"column":6},"end":{"line":50,"column":21}},"25":{"start":{"line":54,"column":2},"end":{"line":58,"column":9}},"26":{"start":{"line":55,"column":4},"end":{"line":57,"column":5}},"27":{"start":{"line":56,"column":6},"end":{"line":56,"column":19}},"28":{"start":{"line":60,"column":24},"end":{"line":62,"column":3}},"29":{"start":{"line":61,"column":4},"end":{"line":61,"column":34}},"30":{"start":{"line":64,"column":2},"end":{"line":71,"column":9}},"31":{"start":{"line":65,"column":15},"end":{"line":65,"column":41}},"32":{"start":{"line":66,"column":4},"end":{"line":70,"column":9}},"33":{"start":{"line":67,"column":26},"end":{"line":67,"column":41}},"34":{"start":{"line":69,"column":8},"end":{"line":69,"column":29}},"35":{"start":{"line":73,"column":2},"end":{"line":79,"column":20}},"36":{"start":{"line":74,"column":4},"end":{"line":78,"column":5}},"37":{"start":{"line":75,"column":6},"end":{"line":75,"column":34}},"38":{"start":{"line":76,"column":6},"end":{"line":76,"column":34}},"39":{"start":{"line":77,"column":6},"end":{"line":77,"column":44}},"40":{"start":{"line":82,"column":24},"end":{"line":112,"column":3}},"41":{"start":{"line":83,"column":4},"end":{"line":83,"column":23}},"42":{"start":{"line":84,"column":21},"end":{"line":84,"column":35}},"43":{"start":{"line":85,"column":4},"end":{"line":85,"column":36}},"44":{"start":{"line":86,"column":4},"end":{"line":86,"column":48}},"45":{"start":{"line":87,"column":4},"end":{"line":87,"column":42}},"46":{"start":{"line":88,"column":4},"end":{"line":88,"column":36}},"47":{"start":{"line":89,"column":4},"end":{"line":89,"column":32}},"48":{"start":{"line":90,"column":4},"end":{"line":90,"column":32}},"49":{"start":{"line":91,"column":4},"end":{"line":91,"column":44}},"50":{"start":{"line":92,"column":4},"end":{"line":92,"column":44}},"51":{"start":{"line":93,"column":4},"end":{"line":95,"column":5}},"52":{"start":{"line":94,"column":6},"end":{"line":94,"column":44}},"53":{"start":{"line":96,"column":4},"end":{"line":111,"column":5}},"54":{"start":{"line":97,"column":23},"end":{"line":100,"column":8}},"55":{"start":{"line":103,"column":6},"end":{"line":105,"column":7}},"56":{"start":{"line":104,"column":8},"end":{"line":104,"column":47}},"57":{"start":{"line":106,"column":6},"end":{"line":106,"column":35}},"58":{"start":{"line":107,"column":6},"end":{"line":107,"column":50}},"59":{"start":{"line":107,"column":23},"end":{"line":107,"column":42}},"60":{"start":{"line":109,"column":6},"end":{"line":109,"column":27}},"61":{"start":{"line":110,"column":6},"end":{"line":110,"column":41}},"62":{"start":{"line":115,"column":4},"end":{"line":492,"column":10}},"63":{"start":{"line":411,"column":33},"end":{"line":411,"column":57}},"64":{"start":{"line":418,"column":31},"end":{"line":418,"column":61}},"65":{"start":{"line":426,"column":33},"end":{"line":426,"column":57}},"66":{"start":{"line":435,"column":33},"end":{"line":435,"column":55}},"67":{"start":{"line":444,"column":33},"end":{"line":444,"column":60}},"68":{"start":{"line":453,"column":33},"end":{"line":453,"column":55}},"69":{"start":{"line":462,"column":33},"end":{"line":462,"column":61}},"70":{"start":{"line":467,"column":64},"end":{"line":467,"column":92}},"71":{"start":{"line":470,"column":18},"end":{"line":472,"column":27}},"72":{"start":{"line":482,"column":31},"end":{"line":482,"column":56}},"73":{"start":{"line":495,"column":2},"end":{"line":502,"column":4}}},"fnMap":{"0":{"name":"(anonymous_0)","decl":{"start":{"line":12,"column":16},"end":{"line":12,"column":17}},"loc":{"start":{"line":12,"column":21},"end":{"line":503,"column":1}},"line":12},"1":{"name":"(anonymous_1)","decl":{"start":{"line":37,"column":28},"end":{"line":37,"column":29}},"loc":{"start":{"line":37,"column":34},"end":{"line":41,"column":3}},"line":37},"2":{"name":"(anonymous_2)","decl":{"start":{"line":46,"column":21},"end":{"line":46,"column":22}},"loc":{"start":{"line":46,"column":33},"end":{"line":52,"column":3}},"line":46},"3":{"name":"(anonymous_3)","decl":{"start":{"line":54,"column":12},"end":{"line":54,"column":13}},"loc":{"start":{"line":54,"column":18},"end":{"line":58,"column":3}},"line":54},"4":{"name":"(anonymous_4)","decl":{"start":{"line":60,"column":24},"end":{"line":60,"column":25}},"loc":{"start":{"line":60,"column":30},"end":{"line":62,"column":3}},"line":60},"5":{"name":"(anonymous_5)","decl":{"start":{"line":64,"column":12},"end":{"line":64,"column":13}},"loc":{"start":{"line":64,"column":18},"end":{"line":71,"column":3}},"line":64},"6":{"name":"(anonymous_6)","decl":{"start":{"line":67,"column":12},"end":{"line":67,"column":13}},"loc":{"start":{"line":67,"column":26},"end":{"line":67,"column":41}},"line":67},"7":{"name":"(anonymous_7)","decl":{"start":{"line":68,"column":12},"end":{"line":68,"column":13}},"loc":{"start":{"line":68,"column":22},"end":{"line":70,"column":7}},"line":68},"8":{"name":"(anonymous_8)","decl":{"start":{"line":73,"column":12},"end":{"line":73,"column":13}},"loc":{"start":{"line":73,"column":18},"end":{"line":79,"column":3}},"line":73},"9":{"name":"(anonymous_9)","decl":{"start":{"line":82,"column":24},"end":{"line":82,"column":25}},"loc":{"start":{"line":82,"column":36},"end":{"line":112,"column":3}},"line":82},"10":{"name":"(anonymous_10)","decl":{"start":{"line":107,"column":17},"end":{"line":107,"column":18}},"loc":{"start":{"line":107,"column":23},"end":{"line":107,"column":42}},"line":107},"11":{"name":"(anonymous_11)","decl":{"start":{"line":411,"column":26},"end":{"line":411,"column":27}},"loc":{"start":{"line":411,"column":33},"end":{"line":411,"column":57}},"line":411},"12":{"name":"(anonymous_12)","decl":{"start":{"line":418,"column":24},"end":{"line":418,"column":25}},"loc":{"start":{"line":418,"column":31},"end":{"line":418,"column":61}},"line":418},"13":{"name":"(anonymous_13)","decl":{"start":{"line":426,"column":26},"end":{"line":426,"column":27}},"loc":{"start":{"line":426,"column":33},"end":{"line":426,"column":57}},"line":426},"14":{"name":"(anonymous_14)","decl":{"start":{"line":435,"column":26},"end":{"line":435,"column":27}},"loc":{"start":{"line":435,"column":33},"end":{"line":435,"column":55}},"line":435},"15":{"name":"(anonymous_15)","decl":{"start":{"line":444,"column":26},"end":{"line":444,"column":27}},"loc":{"start":{"line":444,"column":33},"end":{"line":444,"column":60}},"line":444},"16":{"name":"(anonymous_16)","decl":{"start":{"line":453,"column":26},"end":{"line":453,"column":27}},"loc":{"start":{"line":453,"column":33},"end":{"line":453,"column":55}},"line":453},"17":{"name":"(anonymous_17)","decl":{"start":{"line":462,"column":26},"end":{"line":462,"column":27}},"loc":{"start":{"line":462,"column":33},"end":{"line":462,"column":61}},"line":462},"18":{"name":"(anonymous_18)","decl":{"start":{"line":467,"column":57},"end":{"line":467,"column":58}},"loc":{"start":{"line":467,"column":64},"end":{"line":467,"column":92}},"line":467},"19":{"name":"(anonymous_19)","decl":{"start":{"line":469,"column":27},"end":{"line":469,"column":28}},"loc":{"start":{"line":470,"column":18},"end":{"line":472,"column":27}},"line":470},"20":{"name":"(anonymous_20)","decl":{"start":{"line":482,"column":26},"end":{"line":482,"column":27}},"loc":{"start":{"line":482,"column":31},"end":{"line":482,"column":56}},"line":482}},"branchMap":{"0":{"loc":{"start":{"line":38,"column":4},"end":{"line":40,"column":5}},"type":"if","locations":[{"start":{"line":38,"column":4},"end":{"line":40,"column":5}},{"start":{},"end":{}}],"line":38},"1":{"loc":{"start":{"line":49,"column":4},"end":{"line":51,"column":5}},"type":"if","locations":[{"start":{"line":49,"column":4},"end":{"line":51,"column":5}},{"start":{},"end":{}}],"line":49},"2":{"loc":{"start":{"line":55,"column":4},"end":{"line":57,"column":5}},"type":"if","locations":[{"start":{"line":55,"column":4},"end":{"line":57,"column":5}},{"start":{},"end":{}}],"line":55},"3":{"loc":{"start":{"line":55,"column":8},"end":{"line":55,"column":36}},"type":"binary-expr","locations":[{"start":{"line":55,"column":8},"end":{"line":55,"column":14}},{"start":{"line":55,"column":18},"end":{"line":55,"column":36}}],"line":55},"4":{"loc":{"start":{"line":74,"column":4},"end":{"line":78,"column":5}},"type":"if","locations":[{"start":{"line":74,"column":4},"end":{"line":78,"column":5}},{"start":{},"end":{}}],"line":74},"5":{"loc":{"start":{"line":93,"column":4},"end":{"line":95,"column":5}},"type":"if","locations":[{"start":{"line":93,"column":4},"end":{"line":95,"column":5}},{"start":{},"end":{}}],"line":93},"6":{"loc":{"start":{"line":103,"column":6},"end":{"line":105,"column":7}},"type":"if","locations":[{"start":{"line":103,"column":6},"end":{"line":105,"column":7}},{"start":{},"end":{}}],"line":103}},"s":{"0":2,"1":5,"2":4,"3":4,"4":4,"5":4,"6":4,"7":4,"8":4,"9":4,"10":4,"11":4,"12":4,"13":4,"14":4,"15":4,"16":0,"17":0,"18":0,"19":0,"20":0,"21":0,"22":0,"23":0,"24":0,"25":0,"26":0,"27":0,"28":0,"29":0,"30":0,"31":0,"32":0,"33":0,"34":0,"35":0,"36":0,"37":0,"38":0,"39":0,"40":0,"41":0,"42":0,"43":0,"44":0,"45":0,"46":0,"47":0,"48":0,"49":0,"50":0,"51":0,"52":0,"53":0,"54":0,"55":0,"56":0,"57":0,"58":0,"59":0,"60":0,"61":0,"62":0,"63":0,"64":0,"65":0,"66":0,"67":0,"68":0,"69":0,"70":0,"71":0,"72":0,"73":0},"f":{"0":5,"1":0,"2":0,"3":0,"4":0,"5":0,"6":0,"7":0,"8":0,"9":0,"10":0,"11":0,"12":0,"13":0,"14":0,"15":0,"16":0,"17":0,"18":0,"19":0,"20":0},"b":{"0":[0,0],"1":[0,0],"2":[0,0],"3":[0,0],"4":[0,0],"5":[0,0],"6":[0,0]},"_coverageSchema":"1a1c01bbd47fc00a2c39e90264f33305004495a9","hash":"52b07e598afe15fc1747cbdf83213badc8689416"}
,"/home/wael/STAGE-PFE/Project/App/CatchApp_The_Innovators/src/components/Spinner.js": {"path":"/home/wael/STAGE-PFE/Project/App/CatchApp_The_Innovators/src/components/Spinner.js","statementMap":{"0":{"start":{"line":3,"column":16},"end":{"line":16,"column":1}},"1":{"start":{"line":4,"column":16},"end":{"line":7,"column":5}},"2":{"start":{"line":8,"column":2},"end":{"line":15,"column":4}}},"fnMap":{"0":{"name":"(anonymous_0)","decl":{"start":{"line":3,"column":16},"end":{"line":3,"column":17}},"loc":{"start":{"line":3,"column":22},"end":{"line":16,"column":1}},"line":3}},"branchMap":{},"s":{"0":1,"1":1,"2":1},"f":{"0":1},"b":{},"_coverageSchema":"1a1c01bbd47fc00a2c39e90264f33305004495a9","hash":"e58edc3f25104b8950f925381c35b085f2bd66b2"}
}
