TN:
SF:src/App.js
FN:39,App
FN:42,(anonymous_1)
FN:43,(anonymous_2)
FNF:3
FNH:2
FNDA:1,App
FNDA:1,(anonymous_1)
FNDA:0,(anonymous_2)
DA:40,1
DA:42,1
DA:43,1
DA:44,0
DA:48,1
LF:5
LH:4
BRDA:51,0,0,0
BRDA:51,0,1,1
BRF:2
BRH:1
end_of_record
TN:
SF:src/AdminDash/AdminDash.js
FN:5,(anonymous_0)
FN:11,(anonymous_1)
FNF:2
FNH:1
FNDA:5,(anonymous_0)
FNDA:0,(anonymous_1)
DA:5,2
DA:8,5
DA:11,4
DA:12,0
DA:13,0
DA:17,4
LF:6
LH:4
BRDA:12,0,0,0
BRDA:12,0,1,0
BRF:2
BRH:0
end_of_record
TN:
SF:src/Event/AddEvent.js
FN:12,(anonymous_0)
FN:37,(anonymous_1)
FN:46,(anonymous_2)
FN:54,(anonymous_3)
FN:60,(anonymous_4)
FN:64,(anonymous_5)
FN:67,(anonymous_6)
FN:68,(anonymous_7)
FN:73,(anonymous_8)
FN:82,(anonymous_9)
FN:107,(anonymous_10)
FN:411,(anonymous_11)
FN:418,(anonymous_12)
FN:426,(anonymous_13)
FN:435,(anonymous_14)
FN:444,(anonymous_15)
FN:453,(anonymous_16)
FN:462,(anonymous_17)
FN:467,(anonymous_18)
FN:469,(anonymous_19)
FN:482,(anonymous_20)
FNF:21
FNH:1
FNDA:5,(anonymous_0)
FNDA:0,(anonymous_1)
FNDA:0,(anonymous_2)
FNDA:0,(anonymous_3)
FNDA:0,(anonymous_4)
FNDA:0,(anonymous_5)
FNDA:0,(anonymous_6)
FNDA:0,(anonymous_7)
FNDA:0,(anonymous_8)
FNDA:0,(anonymous_9)
FNDA:0,(anonymous_10)
FNDA:0,(anonymous_11)
FNDA:0,(anonymous_12)
FNDA:0,(anonymous_13)
FNDA:0,(anonymous_14)
FNDA:0,(anonymous_15)
FNDA:0,(anonymous_16)
FNDA:0,(anonymous_17)
FNDA:0,(anonymous_18)
FNDA:0,(anonymous_19)
FNDA:0,(anonymous_20)
DA:12,2
DA:13,5
DA:14,4
DA:15,4
DA:16,4
DA:17,4
DA:18,4
DA:19,4
DA:20,4
DA:21,4
DA:22,4
DA:23,4
DA:24,4
DA:25,4
DA:26,4
DA:27,4
DA:34,0
DA:37,0
DA:38,0
DA:39,0
DA:46,0
DA:47,0
DA:48,0
DA:49,0
DA:50,0
DA:54,0
DA:55,0
DA:56,0
DA:60,0
DA:61,0
DA:64,0
DA:65,0
DA:66,0
DA:67,0
DA:69,0
DA:73,0
DA:74,0
DA:75,0
DA:76,0
DA:77,0
DA:82,0
DA:83,0
DA:84,0
DA:85,0
DA:86,0
DA:87,0
DA:88,0
DA:89,0
DA:90,0
DA:91,0
DA:92,0
DA:93,0
DA:94,0
DA:96,0
DA:97,0
DA:103,0
DA:104,0
DA:106,0
DA:107,0
DA:109,0
DA:110,0
DA:115,0
DA:411,0
DA:418,0
DA:426,0
DA:435,0
DA:444,0
DA:453,0
DA:462,0
DA:467,0
DA:470,0
DA:482,0
DA:495,0
LF:73
LH:16
BRDA:38,0,0,0
BRDA:38,0,1,0
BRDA:49,1,0,0
BRDA:49,1,1,0
BRDA:55,2,0,0
BRDA:55,2,1,0
BRDA:55,3,0,0
BRDA:55,3,1,0
BRDA:74,4,0,0
BRDA:74,4,1,0
BRDA:93,5,0,0
BRDA:93,5,1,0
BRDA:103,6,0,0
BRDA:103,6,1,0
BRF:14
BRH:0
end_of_record
TN:
SF:src/components/Spinner.js
FN:3,(anonymous_0)
FNF:1
FNH:1
FNDA:1,(anonymous_0)
DA:3,1
DA:4,1
DA:8,1
LF:3
LH:3
BRF:0
BRH:0
end_of_record
