{"/home/wael/STAGE-PFE/Project/App-PFE/BackCatchApp-Amine-new/app.js": {"path":"/home/wael/STAGE-PFE/Project/App-PFE/BackCatchApp-Amine-new/app.js","statementMap":{"0":{"start":{"line":1,"column":18},"end":{"line":1,"column":40}},"1":{"start":{"line":2,"column":14},"end":{"line":2,"column":32}},"2":{"start":{"line":3,"column":11},"end":{"line":3,"column":26}},"3":{"start":{"line":4,"column":19},"end":{"line":4,"column":43}},"4":{"start":{"line":5,"column":13},"end":{"line":5,"column":30}},"5":{"start":{"line":6,"column":14},"end":{"line":6,"column":29}},"6":{"start":{"line":11,"column":20},"end":{"line":11,"column":53}},"7":{"start":{"line":13,"column":18},"end":{"line":13,"column":44}},"8":{"start":{"line":14,"column":18},"end":{"line":14,"column":43}},"9":{"start":{"line":15,"column":18},"end":{"line":15,"column":43}},"10":{"start":{"line":16,"column":21},"end":{"line":16,"column":49}},"11":{"start":{"line":17,"column":16},"end":{"line":17,"column":41}},"12":{"start":{"line":18,"column":18},"end":{"line":18,"column":45}},"13":{"start":{"line":19,"column":19},"end":{"line":19,"column":51}},"14":{"start":{"line":20,"column":17},"end":{"line":20,"column":47}},"15":{"start":{"line":21,"column":15},"end":{"line":21,"column":34}},"16":{"start":{"line":22,"column":13},"end":{"line":22,"column":42}},"17":{"start":{"line":24,"column":0},"end":{"line":24,"column":35}},"18":{"start":{"line":26,"column":10},"end":{"line":26,"column":19}},"19":{"start":{"line":27,"column":0},"end":{"line":27,"column":16}},"20":{"start":{"line":30,"column":0},"end":{"line":30,"column":48}},"21":{"start":{"line":31,"column":0},"end":{"line":31,"column":31}},"22":{"start":{"line":33,"column":0},"end":{"line":33,"column":23}},"23":{"start":{"line":34,"column":0},"end":{"line":34,"column":24}},"24":{"start":{"line":35,"column":0},"end":{"line":35,"column":49}},"25":{"start":{"line":36,"column":0},"end":{"line":36,"column":24}},"26":{"start":{"line":37,"column":0},"end":{"line":37,"column":56}},"27":{"start":{"line":39,"column":0},"end":{"line":39,"column":26}},"28":{"start":{"line":40,"column":0},"end":{"line":40,"column":31}},"29":{"start":{"line":41,"column":0},"end":{"line":41,"column":30}},"30":{"start":{"line":42,"column":0},"end":{"line":42,"column":42}},"31":{"start":{"line":43,"column":0},"end":{"line":43,"column":31}},"32":{"start":{"line":44,"column":0},"end":{"line":44,"column":31}},"33":{"start":{"line":45,"column":0},"end":{"line":45,"column":28}},"34":{"start":{"line":46,"column":0},"end":{"line":46,"column":36}},"35":{"start":{"line":47,"column":0},"end":{"line":47,"column":35}},"36":{"start":{"line":49,"column":0},"end":{"line":51,"column":3}},"37":{"start":{"line":50,"column":2},"end":{"line":50,"column":25}},"38":{"start":{"line":54,"column":0},"end":{"line":58,"column":3}},"39":{"start":{"line":56,"column":2},"end":{"line":56,"column":35}},"40":{"start":{"line":57,"column":2},"end":{"line":57,"column":69}},"41":{"start":{"line":62,"column":13},"end":{"line":62,"column":40}},"42":{"start":{"line":63,"column":11},"end":{"line":69,"column":2}},"43":{"start":{"line":72,"column":0},"end":{"line":102,"column":3}},"44":{"start":{"line":73,"column":2},"end":{"line":73,"column":40}},"45":{"start":{"line":74,"column":2},"end":{"line":77,"column":5}},"46":{"start":{"line":75,"column":4},"end":{"line":75,"column":30}},"47":{"start":{"line":76,"column":4},"end":{"line":76,"column":29}},"48":{"start":{"line":79,"column":2},"end":{"line":82,"column":5}},"49":{"start":{"line":80,"column":4},"end":{"line":80,"column":22}},"50":{"start":{"line":81,"column":4},"end":{"line":81,"column":45}},"51":{"start":{"line":83,"column":2},"end":{"line":83,"column":64}},"52":{"start":{"line":83,"column":32},"end":{"line":83,"column":62}},"53":{"start":{"line":84,"column":2},"end":{"line":84,"column":74}},"54":{"start":{"line":84,"column":37},"end":{"line":84,"column":72}},"55":{"start":{"line":86,"column":2},"end":{"line":96,"column":5}},"56":{"start":{"line":87,"column":15},"end":{"line":87,"column":38}},"57":{"start":{"line":89,"column":4},"end":{"line":89,"column":66}},"58":{"start":{"line":89,"column":21},"end":{"line":89,"column":66}},"59":{"start":{"line":91,"column":4},"end":{"line":95,"column":7}},"60":{"start":{"line":92,"column":6},"end":{"line":92,"column":60}},"61":{"start":{"line":92,"column":53},"end":{"line":92,"column":60}},"62":{"start":{"line":94,"column":6},"end":{"line":94,"column":71}},"63":{"start":{"line":98,"column":2},"end":{"line":101,"column":5}},"64":{"start":{"line":99,"column":4},"end":{"line":99,"column":37}},"65":{"start":{"line":100,"column":4},"end":{"line":100,"column":31}},"66":{"start":{"line":113,"column":0},"end":{"line":113,"column":21}}},"fnMap":{"0":{"name":"(anonymous_0)","decl":{"start":{"line":49,"column":8},"end":{"line":49,"column":9}},"loc":{"start":{"line":49,"column":33},"end":{"line":51,"column":1}},"line":49},"1":{"name":"(anonymous_1)","decl":{"start":{"line":54,"column":8},"end":{"line":54,"column":9}},"loc":{"start":{"line":54,"column":38},"end":{"line":58,"column":1}},"line":54},"2":{"name":"(anonymous_2)","decl":{"start":{"line":72,"column":20},"end":{"line":72,"column":21}},"loc":{"start":{"line":72,"column":32},"end":{"line":102,"column":1}},"line":72},"3":{"name":"(anonymous_3)","decl":{"start":{"line":74,"column":21},"end":{"line":74,"column":22}},"loc":{"start":{"line":74,"column":35},"end":{"line":77,"column":3}},"line":74},"4":{"name":"(anonymous_4)","decl":{"start":{"line":79,"column":25},"end":{"line":79,"column":26}},"loc":{"start":{"line":79,"column":35},"end":{"line":82,"column":3}},"line":79},"5":{"name":"(anonymous_5)","decl":{"start":{"line":83,"column":22},"end":{"line":83,"column":23}},"loc":{"start":{"line":83,"column":32},"end":{"line":83,"column":62}},"line":83},"6":{"name":"(anonymous_6)","decl":{"start":{"line":84,"column":27},"end":{"line":84,"column":28}},"loc":{"start":{"line":84,"column":37},"end":{"line":84,"column":72}},"line":84},"7":{"name":"(anonymous_7)","decl":{"start":{"line":86,"column":27},"end":{"line":86,"column":28}},"loc":{"start":{"line":86,"column":51},"end":{"line":96,"column":3}},"line":86},"8":{"name":"(anonymous_8)","decl":{"start":{"line":91,"column":23},"end":{"line":91,"column":24}},"loc":{"start":{"line":91,"column":33},"end":{"line":95,"column":5}},"line":91},"9":{"name":"(anonymous_9)","decl":{"start":{"line":98,"column":22},"end":{"line":98,"column":23}},"loc":{"start":{"line":98,"column":28},"end":{"line":101,"column":3}},"line":98}},"branchMap":{"0":{"loc":{"start":{"line":57,"column":21},"end":{"line":57,"column":68}},"type":"cond-expr","locations":[{"start":{"line":57,"column":60},"end":{"line":57,"column":63}},{"start":{"line":57,"column":66},"end":{"line":57,"column":68}}],"line":57},"1":{"loc":{"start":{"line":89,"column":4},"end":{"line":89,"column":66}},"type":"if","locations":[{"start":{"line":89,"column":4},"end":{"line":89,"column":66}},{"start":{},"end":{}}],"line":89},"2":{"loc":{"start":{"line":92,"column":6},"end":{"line":92,"column":60}},"type":"if","locations":[{"start":{"line":92,"column":6},"end":{"line":92,"column":60}},{"start":{},"end":{}}],"line":92}},"s":{"0":2,"1":2,"2":2,"3":2,"4":2,"5":2,"6":2,"7":2,"8":2,"9":2,"10":2,"11":2,"12":2,"13":2,"14":2,"15":2,"16":2,"17":2,"18":2,"19":2,"20":2,"21":2,"22":2,"23":2,"24":2,"25":2,"26":2,"27":2,"28":2,"29":2,"30":2,"31":2,"32":2,"33":2,"34":2,"35":2,"36":2,"37":0,"38":2,"39":0,"40":0,"41":2,"42":2,"43":2,"44":0,"45":0,"46":0,"47":0,"48":0,"49":0,"50":0,"51":0,"52":0,"53":0,"54":0,"55":0,"56":0,"57":0,"58":0,"59":0,"60":0,"61":0,"62":0,"63":0,"64":0,"65":0,"66":2},"f":{"0":0,"1":0,"2":0,"3":0,"4":0,"5":0,"6":0,"7":0,"8":0,"9":0},"b":{"0":[0,0],"1":[0,0],"2":[0,0]},"_coverageSchema":"1a1c01bbd47fc00a2c39e90264f33305004495a9","hash":"bdf6dc5c54b159ed1bfc2d9484592c263f5ce694"}
,"/home/wael/STAGE-PFE/Project/App-PFE/BackCatchApp-Amine-new/controllers/messageControllers.js": {"path":"/home/wael/STAGE-PFE/Project/App-PFE/BackCatchApp-Amine-new/controllers/messageControllers.js","statementMap":{"0":{"start":{"line":1,"column":21},"end":{"line":1,"column":53}},"1":{"start":{"line":2,"column":16},"end":{"line":2,"column":48}},"2":{"start":{"line":6,"column":20},"end":{"line":16,"column":4}},"3":{"start":{"line":7,"column":4},"end":{"line":15,"column":5}},"4":{"start":{"line":8,"column":23},"end":{"line":10,"column":25}},"5":{"start":{"line":11,"column":6},"end":{"line":11,"column":25}},"6":{"start":{"line":13,"column":6},"end":{"line":13,"column":22}},"7":{"start":{"line":14,"column":6},"end":{"line":14,"column":37}},"8":{"start":{"line":19,"column":2},"end":{"line":19,"column":35}}},"fnMap":{"0":{"name":"(anonymous_0)","decl":{"start":{"line":6,"column":33},"end":{"line":6,"column":34}},"loc":{"start":{"line":6,"column":53},"end":{"line":16,"column":3}},"line":6}},"branchMap":{},"s":{"0":2,"1":2,"2":2,"3":0,"4":0,"5":0,"6":0,"7":0,"8":2},"f":{"0":0},"b":{},"_coverageSchema":"1a1c01bbd47fc00a2c39e90264f33305004495a9","hash":"99758b55ffdb94507d4ed3f7ae49e2bac6d0bb3a"}
,"/home/wael/STAGE-PFE/Project/App-PFE/BackCatchApp-Amine-new/model/chatModel.js": {"path":"/home/wael/STAGE-PFE/Project/App-PFE/BackCatchApp-Amine-new/model/chatModel.js","statementMap":{"0":{"start":{"line":1,"column":17},"end":{"line":1,"column":36}},"1":{"start":{"line":3,"column":18},"end":{"line":19,"column":1}},"2":{"start":{"line":21,"column":13},"end":{"line":21,"column":46}},"3":{"start":{"line":23,"column":0},"end":{"line":23,"column":22}}},"fnMap":{},"branchMap":{},"s":{"0":3,"1":3,"2":3,"3":3},"f":{},"b":{},"_coverageSchema":"1a1c01bbd47fc00a2c39e90264f33305004495a9","hash":"431f097ed29db89888ba97ab174093f64295f55d"}
,"/home/wael/STAGE-PFE/Project/App-PFE/BackCatchApp-Amine-new/model/club.js": {"path":"/home/wael/STAGE-PFE/Project/App-PFE/BackCatchApp-Amine-new/model/club.js","statementMap":{"0":{"start":{"line":1,"column":15},"end":{"line":1,"column":34}},"1":{"start":{"line":2,"column":13},"end":{"line":2,"column":28}},"2":{"start":{"line":4,"column":9},"end":{"line":80,"column":4}},"3":{"start":{"line":83,"column":2},"end":{"line":83,"column":49}}},"fnMap":{},"branchMap":{},"s":{"0":4,"1":4,"2":4,"3":4},"f":{},"b":{},"_coverageSchema":"1a1c01bbd47fc00a2c39e90264f33305004495a9","hash":"86d4978d099230325b7e92c4fa948f0a7e023c43"}
,"/home/wael/STAGE-PFE/Project/App-PFE/BackCatchApp-Amine-new/model/event.js": {"path":"/home/wael/STAGE-PFE/Project/App-PFE/BackCatchApp-Amine-new/model/event.js","statementMap":{"0":{"start":{"line":1,"column":17},"end":{"line":1,"column":36}},"1":{"start":{"line":2,"column":13},"end":{"line":2,"column":28}},"2":{"start":{"line":3,"column":14},"end":{"line":47,"column":2}},"3":{"start":{"line":49,"column":0},"end":{"line":49,"column":49}}},"fnMap":{},"branchMap":{},"s":{"0":3,"1":3,"2":3,"3":3},"f":{},"b":{},"_coverageSchema":"1a1c01bbd47fc00a2c39e90264f33305004495a9","hash":"02f7e330787d1214d3d8d1a4499efb785e088005"}
,"/home/wael/STAGE-PFE/Project/App-PFE/BackCatchApp-Amine-new/model/messageModel.js": {"path":"/home/wael/STAGE-PFE/Project/App-PFE/BackCatchApp-Amine-new/model/messageModel.js","statementMap":{"0":{"start":{"line":1,"column":17},"end":{"line":1,"column":36}},"1":{"start":{"line":3,"column":22},"end":{"line":11,"column":1}},"2":{"start":{"line":13,"column":16},"end":{"line":13,"column":56}},"3":{"start":{"line":14,"column":0},"end":{"line":14,"column":25}}},"fnMap":{},"branchMap":{},"s":{"0":2,"1":2,"2":2,"3":2},"f":{},"b":{},"_coverageSchema":"1a1c01bbd47fc00a2c39e90264f33305004495a9","hash":"30f9cc17cb9f6a960584cf490ccd839eb3719e25"}
,"/home/wael/STAGE-PFE/Project/App-PFE/BackCatchApp-Amine-new/model/user.js": {"path":"/home/wael/STAGE-PFE/Project/App-PFE/BackCatchApp-Amine-new/model/user.js","statementMap":{"0":{"start":{"line":1,"column":15},"end":{"line":1,"column":34}},"1":{"start":{"line":2,"column":13},"end":{"line":2,"column":28}},"2":{"start":{"line":4,"column":11},"end":{"line":67,"column":2}},"3":{"start":{"line":69,"column":0},"end":{"line":69,"column":47}}},"fnMap":{},"branchMap":{},"s":{"0":6,"1":6,"2":6,"3":6},"f":{},"b":{},"_coverageSchema":"1a1c01bbd47fc00a2c39e90264f33305004495a9","hash":"a7da231f8a3b0783d5ed29cb48ca4ad618f492b8"}
,"/home/wael/STAGE-PFE/Project/App-PFE/BackCatchApp-Amine-new/routes/PaymentEvent.js": {"path":"/home/wael/STAGE-PFE/Project/App-PFE/BackCatchApp-Amine-new/routes/PaymentEvent.js","statementMap":{"0":{"start":{"line":1,"column":16},"end":{"line":1,"column":34}},"1":{"start":{"line":2,"column":14},"end":{"line":2,"column":30}},"2":{"start":{"line":3,"column":14},"end":{"line":3,"column":39}},"3":{"start":{"line":4,"column":13},"end":{"line":4,"column":37}},"4":{"start":{"line":7,"column":15},"end":{"line":7,"column":31}},"5":{"start":{"line":10,"column":22},"end":{"line":41,"column":1}},"6":{"start":{"line":11,"column":30},"end":{"line":11,"column":40}},"7":{"start":{"line":12,"column":16},"end":{"line":12,"column":45}},"8":{"start":{"line":13,"column":2},"end":{"line":15,"column":3}},"9":{"start":{"line":14,"column":4},"end":{"line":14,"column":62}},"10":{"start":{"line":17,"column":15},"end":{"line":17,"column":42}},"11":{"start":{"line":18,"column":2},"end":{"line":20,"column":3}},"12":{"start":{"line":19,"column":4},"end":{"line":19,"column":61}},"13":{"start":{"line":22,"column":14},"end":{"line":22,"column":66}},"14":{"start":{"line":23,"column":18},"end":{"line":32,"column":3}},"15":{"start":{"line":34,"column":2},"end":{"line":40,"column":3}},"16":{"start":{"line":35,"column":19},"end":{"line":35,"column":49}},"17":{"start":{"line":36,"column":4},"end":{"line":36,"column":26}},"18":{"start":{"line":38,"column":4},"end":{"line":38,"column":23}},"19":{"start":{"line":39,"column":4},"end":{"line":39,"column":51}},"20":{"start":{"line":43,"column":22},"end":{"line":83,"column":1}},"21":{"start":{"line":44,"column":20},"end":{"line":44,"column":33}},"22":{"start":{"line":46,"column":2},"end":{"line":82,"column":1}},"23":{"start":{"line":47,"column":19},"end":{"line":53,"column":6}},"24":{"start":{"line":55,"column":32},"end":{"line":55,"column":42}},"25":{"start":{"line":56,"column":18},"end":{"line":56,"column":47}},"26":{"start":{"line":57,"column":4},"end":{"line":59,"column":5}},"27":{"start":{"line":58,"column":6},"end":{"line":58,"column":64}},"28":{"start":{"line":61,"column":17},"end":{"line":61,"column":44}},"29":{"start":{"line":62,"column":4},"end":{"line":64,"column":5}},"30":{"start":{"line":63,"column":6},"end":{"line":63,"column":63}},"31":{"start":{"line":66,"column":4},"end":{"line":79,"column":6}},"32":{"start":{"line":67,"column":6},"end":{"line":78,"column":7}},"33":{"start":{"line":68,"column":26},"end":{"line":68,"column":43}},"34":{"start":{"line":69,"column":27},"end":{"line":69,"column":45}},"35":{"start":{"line":70,"column":8},"end":{"line":70,"column":50}},"36":{"start":{"line":71,"column":8},"end":{"line":71,"column":31}},"37":{"start":{"line":72,"column":8},"end":{"line":72,"column":53}},"38":{"start":{"line":73,"column":8},"end":{"line":73,"column":32}},"39":{"start":{"line":74,"column":8},"end":{"line":74,"column":85}},"40":{"start":{"line":76,"column":8},"end":{"line":76,"column":27}},"41":{"start":{"line":77,"column":8},"end":{"line":77,"column":55}},"42":{"start":{"line":80,"column":0},"end":{"line":80,"column":19}},"43":{"start":{"line":81,"column":0},"end":{"line":81,"column":48}},"44":{"start":{"line":84,"column":2},"end":{"line":84,"column":58}},"45":{"start":{"line":85,"column":2},"end":{"line":85,"column":62}},"46":{"start":{"line":88,"column":2},"end":{"line":88,"column":26}}},"fnMap":{"0":{"name":"(anonymous_0)","decl":{"start":{"line":10,"column":22},"end":{"line":10,"column":23}},"loc":{"start":{"line":10,"column":42},"end":{"line":41,"column":1}},"line":10},"1":{"name":"(anonymous_1)","decl":{"start":{"line":43,"column":22},"end":{"line":43,"column":23}},"loc":{"start":{"line":43,"column":42},"end":{"line":83,"column":1}},"line":43}},"branchMap":{"0":{"loc":{"start":{"line":13,"column":2},"end":{"line":15,"column":3}},"type":"if","locations":[{"start":{"line":13,"column":2},"end":{"line":15,"column":3}},{"start":{},"end":{}}],"line":13},"1":{"loc":{"start":{"line":18,"column":2},"end":{"line":20,"column":3}},"type":"if","locations":[{"start":{"line":18,"column":2},"end":{"line":20,"column":3}},{"start":{},"end":{}}],"line":18},"2":{"loc":{"start":{"line":57,"column":4},"end":{"line":59,"column":5}},"type":"if","locations":[{"start":{"line":57,"column":4},"end":{"line":59,"column":5}},{"start":{},"end":{}}],"line":57},"3":{"loc":{"start":{"line":62,"column":4},"end":{"line":64,"column":5}},"type":"if","locations":[{"start":{"line":62,"column":4},"end":{"line":64,"column":5}},{"start":{},"end":{}}],"line":62},"4":{"loc":{"start":{"line":66,"column":4},"end":{"line":79,"column":6}},"type":"if","locations":[{"start":{"line":66,"column":4},"end":{"line":79,"column":6}},{"start":{},"end":{}}],"line":66}},"s":{"0":2,"1":2,"2":2,"3":2,"4":2,"5":2,"6":0,"7":0,"8":0,"9":0,"10":0,"11":0,"12":0,"13":0,"14":0,"15":0,"16":0,"17":0,"18":0,"19":0,"20":2,"21":0,"22":0,"23":0,"24":0,"25":0,"26":0,"27":0,"28":0,"29":0,"30":0,"31":0,"32":0,"33":0,"34":0,"35":0,"36":0,"37":0,"38":0,"39":0,"40":0,"41":0,"42":0,"43":0,"44":2,"45":2,"46":2},"f":{"0":0,"1":0},"b":{"0":[0,0],"1":[0,0],"2":[0,0],"3":[0,0],"4":[0,0]},"_coverageSchema":"1a1c01bbd47fc00a2c39e90264f33305004495a9","hash":"22c692805a6023133cf06d19e64ca5eeb8a0139b"}
,"/home/wael/STAGE-PFE/Project/App-PFE/BackCatchApp-Amine-new/routes/auth.js": {"path":"/home/wael/STAGE-PFE/Project/App-PFE/BackCatchApp-Amine-new/routes/auth.js","statementMap":{"0":{"start":{"line":2,"column":17},"end":{"line":2,"column":36}},"1":{"start":{"line":3,"column":23},"end":{"line":3,"column":65}},"2":{"start":{"line":5,"column":25},"end":{"line":5,"column":41}},"3":{"start":{"line":6,"column":29},"end":{"line":6,"column":49}},"4":{"start":{"line":8,"column":0},"end":{"line":16,"column":4}},"5":{"start":{"line":15,"column":2},"end":{"line":15,"column":29}},"6":{"start":{"line":18,"column":0},"end":{"line":20,"column":3}},"7":{"start":{"line":19,"column":2},"end":{"line":19,"column":19}},"8":{"start":{"line":22,"column":0},"end":{"line":24,"column":3}},"9":{"start":{"line":23,"column":2},"end":{"line":23,"column":19}},"10":{"start":{"line":26,"column":0},"end":{"line":26,"column":26}}},"fnMap":{"0":{"name":"(anonymous_0)","decl":{"start":{"line":14,"column":0},"end":{"line":14,"column":1}},"loc":{"start":{"line":14,"column":24},"end":{"line":16,"column":1}},"line":14},"1":{"name":"(anonymous_1)","decl":{"start":{"line":18,"column":23},"end":{"line":18,"column":24}},"loc":{"start":{"line":18,"column":39},"end":{"line":20,"column":1}},"line":18},"2":{"name":"(anonymous_2)","decl":{"start":{"line":22,"column":25},"end":{"line":22,"column":26}},"loc":{"start":{"line":22,"column":46},"end":{"line":24,"column":1}},"line":22}},"branchMap":{},"s":{"0":2,"1":2,"2":2,"3":2,"4":2,"5":0,"6":2,"7":0,"8":2,"9":0,"10":2},"f":{"0":0,"1":0,"2":0},"b":{},"_coverageSchema":"1a1c01bbd47fc00a2c39e90264f33305004495a9","hash":"881a7b38b0e81703604751285bc597a75ccfe305"}
,"/home/wael/STAGE-PFE/Project/App-PFE/BackCatchApp-Amine-new/routes/chatRoutes.js": {"path":"/home/wael/STAGE-PFE/Project/App-PFE/BackCatchApp-Amine-new/routes/chatRoutes.js","statementMap":{"0":{"start":{"line":1,"column":16},"end":{"line":1,"column":34}},"1":{"start":{"line":4,"column":13},"end":{"line":4,"column":37}},"2":{"start":{"line":5,"column":15},"end":{"line":5,"column":31}},"3":{"start":{"line":6,"column":13},"end":{"line":6,"column":42}},"4":{"start":{"line":7,"column":21},"end":{"line":7,"column":53}},"5":{"start":{"line":16,"column":0},"end":{"line":62,"column":6}},"6":{"start":{"line":17,"column":23},"end":{"line":17,"column":31}},"7":{"start":{"line":18,"column":15},"end":{"line":18,"column":28}},"8":{"start":{"line":19,"column":17},"end":{"line":19,"column":48}},"9":{"start":{"line":20,"column":4},"end":{"line":24,"column":5}},"10":{"start":{"line":21,"column":6},"end":{"line":21,"column":26}},"11":{"start":{"line":22,"column":6},"end":{"line":22,"column":28}},"12":{"start":{"line":23,"column":6},"end":{"line":23,"column":33}},"13":{"start":{"line":26,"column":17},"end":{"line":34,"column":32}},"14":{"start":{"line":36,"column":4},"end":{"line":39,"column":7}},"15":{"start":{"line":41,"column":4},"end":{"line":61,"column":5}},"16":{"start":{"line":42,"column":6},"end":{"line":42,"column":26}},"17":{"start":{"line":44,"column":21},"end":{"line":48,"column":7}},"18":{"start":{"line":50,"column":6},"end":{"line":60,"column":7}},"19":{"start":{"line":51,"column":28},"end":{"line":51,"column":55}},"20":{"start":{"line":52,"column":25},"end":{"line":55,"column":9}},"21":{"start":{"line":56,"column":8},"end":{"line":56,"column":39}},"22":{"start":{"line":58,"column":8},"end":{"line":58,"column":24}},"23":{"start":{"line":59,"column":8},"end":{"line":59,"column":39}},"24":{"start":{"line":64,"column":0},"end":{"line":66,"column":2}},"25":{"start":{"line":65,"column":2},"end":{"line":65,"column":35}},"26":{"start":{"line":68,"column":2},"end":{"line":76,"column":5}},"27":{"start":{"line":69,"column":4},"end":{"line":75,"column":5}},"28":{"start":{"line":70,"column":20},"end":{"line":70,"column":37}},"29":{"start":{"line":71,"column":6},"end":{"line":71,"column":22}},"30":{"start":{"line":73,"column":6},"end":{"line":73,"column":35}},"31":{"start":{"line":74,"column":6},"end":{"line":74,"column":45}},"32":{"start":{"line":79,"column":2},"end":{"line":102,"column":6}},"33":{"start":{"line":81,"column":16},"end":{"line":81,"column":29}},"34":{"start":{"line":82,"column":17},"end":{"line":82,"column":48}},"35":{"start":{"line":84,"column":4},"end":{"line":101,"column":5}},"36":{"start":{"line":86,"column":6},"end":{"line":97,"column":11}},"37":{"start":{"line":92,"column":10},"end":{"line":95,"column":13}},"38":{"start":{"line":96,"column":10},"end":{"line":96,"column":40}},"39":{"start":{"line":99,"column":6},"end":{"line":99,"column":22}},"40":{"start":{"line":100,"column":6},"end":{"line":100,"column":37}},"41":{"start":{"line":104,"column":2},"end":{"line":136,"column":6}},"42":{"start":{"line":105,"column":16},"end":{"line":105,"column":29}},"43":{"start":{"line":106,"column":17},"end":{"line":106,"column":48}},"44":{"start":{"line":107,"column":4},"end":{"line":109,"column":5}},"45":{"start":{"line":108,"column":6},"end":{"line":108,"column":77}},"46":{"start":{"line":111,"column":18},"end":{"line":111,"column":32}},"47":{"start":{"line":113,"column":4},"end":{"line":115,"column":5}},"48":{"start":{"line":114,"column":6},"end":{"line":114,"column":89}},"49":{"start":{"line":117,"column":4},"end":{"line":117,"column":25}},"50":{"start":{"line":119,"column":4},"end":{"line":135,"column":5}},"51":{"start":{"line":120,"column":24},"end":{"line":125,"column":8}},"52":{"start":{"line":127,"column":28},"end":{"line":129,"column":44}},"53":{"start":{"line":131,"column":6},"end":{"line":131,"column":42}},"54":{"start":{"line":133,"column":6},"end":{"line":133,"column":22}},"55":{"start":{"line":134,"column":6},"end":{"line":134,"column":37}},"56":{"start":{"line":141,"column":0},"end":{"line":176,"column":3}},"57":{"start":{"line":142,"column":18},"end":{"line":142,"column":35}},"58":{"start":{"line":143,"column":15},"end":{"line":143,"column":32}},"59":{"start":{"line":144,"column":13},"end":{"line":144,"column":54}},"60":{"start":{"line":146,"column":2},"end":{"line":149,"column":3}},"61":{"start":{"line":147,"column":4},"end":{"line":147,"column":20}},"62":{"start":{"line":148,"column":4},"end":{"line":148,"column":38}},"63":{"start":{"line":152,"column":2},"end":{"line":175,"column":3}},"64":{"start":{"line":154,"column":16},"end":{"line":164,"column":40}},"65":{"start":{"line":166,"column":4},"end":{"line":171,"column":5}},"66":{"start":{"line":167,"column":6},"end":{"line":167,"column":22}},"67":{"start":{"line":168,"column":6},"end":{"line":168,"column":40}},"68":{"start":{"line":170,"column":6},"end":{"line":170,"column":22}},"69":{"start":{"line":174,"column":4},"end":{"line":174,"column":60}},"70":{"start":{"line":182,"column":0},"end":{"line":209,"column":3}},"71":{"start":{"line":183,"column":21},"end":{"line":183,"column":31}},"72":{"start":{"line":184,"column":21},"end":{"line":184,"column":29}},"73":{"start":{"line":185,"column":2},"end":{"line":188,"column":3}},"74":{"start":{"line":186,"column":4},"end":{"line":186,"column":20}},"75":{"start":{"line":187,"column":4},"end":{"line":187,"column":38}},"76":{"start":{"line":191,"column":16},"end":{"line":201,"column":40}},"77":{"start":{"line":203,"column":2},"end":{"line":208,"column":3}},"78":{"start":{"line":204,"column":4},"end":{"line":204,"column":20}},"79":{"start":{"line":205,"column":4},"end":{"line":205,"column":38}},"80":{"start":{"line":207,"column":4},"end":{"line":207,"column":20}},"81":{"start":{"line":211,"column":0},"end":{"line":222,"column":3}},"82":{"start":{"line":212,"column":2},"end":{"line":221,"column":3}},"83":{"start":{"line":213,"column":17},"end":{"line":213,"column":64}},"84":{"start":{"line":214,"column":4},"end":{"line":216,"column":5}},"85":{"start":{"line":215,"column":6},"end":{"line":215,"column":67}},"86":{"start":{"line":217,"column":4},"end":{"line":217,"column":59}},"87":{"start":{"line":219,"column":4},"end":{"line":219,"column":25}},"88":{"start":{"line":220,"column":4},"end":{"line":220,"column":61}},"89":{"start":{"line":231,"column":0},"end":{"line":231,"column":24}}},"fnMap":{"0":{"name":"(anonymous_0)","decl":{"start":{"line":16,"column":40},"end":{"line":16,"column":41}},"loc":{"start":{"line":16,"column":60},"end":{"line":62,"column":3}},"line":16},"1":{"name":"(anonymous_1)","decl":{"start":{"line":64,"column":21},"end":{"line":64,"column":22}},"loc":{"start":{"line":64,"column":41},"end":{"line":66,"column":1}},"line":64},"2":{"name":"(anonymous_2)","decl":{"start":{"line":68,"column":18},"end":{"line":68,"column":19}},"loc":{"start":{"line":68,"column":38},"end":{"line":76,"column":3}},"line":68},"3":{"name":"(anonymous_3)","decl":{"start":{"line":79,"column":40},"end":{"line":79,"column":41}},"loc":{"start":{"line":79,"column":60},"end":{"line":102,"column":3}},"line":79},"4":{"name":"(anonymous_4)","decl":{"start":{"line":91,"column":14},"end":{"line":91,"column":15}},"loc":{"start":{"line":91,"column":33},"end":{"line":97,"column":9}},"line":91},"5":{"name":"(anonymous_5)","decl":{"start":{"line":104,"column":28},"end":{"line":104,"column":29}},"loc":{"start":{"line":104,"column":48},"end":{"line":136,"column":3}},"line":104},"6":{"name":"(anonymous_6)","decl":{"start":{"line":141,"column":42},"end":{"line":141,"column":43}},"loc":{"start":{"line":141,"column":62},"end":{"line":176,"column":1}},"line":141},"7":{"name":"(anonymous_7)","decl":{"start":{"line":182,"column":40},"end":{"line":182,"column":41}},"loc":{"start":{"line":182,"column":60},"end":{"line":209,"column":1}},"line":182},"8":{"name":"(anonymous_8)","decl":{"start":{"line":211,"column":36},"end":{"line":211,"column":37}},"loc":{"start":{"line":211,"column":56},"end":{"line":222,"column":1}},"line":211}},"branchMap":{"0":{"loc":{"start":{"line":20,"column":4},"end":{"line":24,"column":5}},"type":"if","locations":[{"start":{"line":20,"column":4},"end":{"line":24,"column":5}},{"start":{},"end":{}}],"line":20},"1":{"loc":{"start":{"line":41,"column":4},"end":{"line":61,"column":5}},"type":"if","locations":[{"start":{"line":41,"column":4},"end":{"line":61,"column":5}},{"start":{"line":43,"column":11},"end":{"line":61,"column":5}}],"line":41},"2":{"loc":{"start":{"line":107,"column":4},"end":{"line":109,"column":5}},"type":"if","locations":[{"start":{"line":107,"column":4},"end":{"line":109,"column":5}},{"start":{},"end":{}}],"line":107},"3":{"loc":{"start":{"line":107,"column":8},"end":{"line":107,"column":41}},"type":"binary-expr","locations":[{"start":{"line":107,"column":8},"end":{"line":107,"column":23}},{"start":{"line":107,"column":27},"end":{"line":107,"column":41}}],"line":107},"4":{"loc":{"start":{"line":113,"column":4},"end":{"line":115,"column":5}},"type":"if","locations":[{"start":{"line":113,"column":4},"end":{"line":115,"column":5}},{"start":{},"end":{}}],"line":113},"5":{"loc":{"start":{"line":146,"column":2},"end":{"line":149,"column":3}},"type":"if","locations":[{"start":{"line":146,"column":2},"end":{"line":149,"column":3}},{"start":{},"end":{}}],"line":146},"6":{"loc":{"start":{"line":152,"column":2},"end":{"line":175,"column":3}},"type":"if","locations":[{"start":{"line":152,"column":2},"end":{"line":175,"column":3}},{"start":{"line":173,"column":7},"end":{"line":175,"column":3}}],"line":152},"7":{"loc":{"start":{"line":166,"column":4},"end":{"line":171,"column":5}},"type":"if","locations":[{"start":{"line":166,"column":4},"end":{"line":171,"column":5}},{"start":{"line":169,"column":11},"end":{"line":171,"column":5}}],"line":166},"8":{"loc":{"start":{"line":185,"column":2},"end":{"line":188,"column":3}},"type":"if","locations":[{"start":{"line":185,"column":2},"end":{"line":188,"column":3}},{"start":{},"end":{}}],"line":185},"9":{"loc":{"start":{"line":203,"column":2},"end":{"line":208,"column":3}},"type":"if","locations":[{"start":{"line":203,"column":2},"end":{"line":208,"column":3}},{"start":{"line":206,"column":9},"end":{"line":208,"column":3}}],"line":203},"10":{"loc":{"start":{"line":214,"column":4},"end":{"line":216,"column":5}},"type":"if","locations":[{"start":{"line":214,"column":4},"end":{"line":216,"column":5}},{"start":{},"end":{}}],"line":214}},"s":{"0":3,"1":3,"2":3,"3":3,"4":3,"5":3,"6":0,"7":0,"8":0,"9":0,"10":0,"11":0,"12":0,"13":0,"14":0,"15":0,"16":0,"17":0,"18":0,"19":0,"20":0,"21":0,"22":0,"23":0,"24":3,"25":0,"26":3,"27":1,"28":1,"29":1,"30":0,"31":0,"32":3,"33":0,"34":0,"35":0,"36":0,"37":0,"38":0,"39":0,"40":0,"41":3,"42":0,"43":0,"44":0,"45":0,"46":0,"47":0,"48":0,"49":0,"50":0,"51":0,"52":0,"53":0,"54":0,"55":0,"56":3,"57":0,"58":0,"59":0,"60":0,"61":0,"62":0,"63":0,"64":0,"65":0,"66":0,"67":0,"68":0,"69":0,"70":3,"71":0,"72":0,"73":0,"74":0,"75":0,"76":0,"77":0,"78":0,"79":0,"80":0,"81":3,"82":0,"83":0,"84":0,"85":0,"86":0,"87":0,"88":0,"89":3},"f":{"0":0,"1":0,"2":1,"3":0,"4":0,"5":0,"6":0,"7":0,"8":0},"b":{"0":[0,0],"1":[0,0],"2":[0,0],"3":[0,0],"4":[0,0],"5":[0,0],"6":[0,0],"7":[0,0],"8":[0,0],"9":[0,0],"10":[0,0]},"_coverageSchema":"1a1c01bbd47fc00a2c39e90264f33305004495a9","hash":"58a7520e1541682c804e2913f57914394db32a7c"}
,"/home/wael/STAGE-PFE/Project/App-PFE/BackCatchApp-Amine-new/routes/clubs.js": {"path":"/home/wael/STAGE-PFE/Project/App-PFE/BackCatchApp-Amine-new/routes/clubs.js","statementMap":{"0":{"start":{"line":1,"column":14},"end":{"line":1,"column":32}},"1":{"start":{"line":2,"column":13},"end":{"line":2,"column":29}},"2":{"start":{"line":3,"column":11},"end":{"line":3,"column":35}},"3":{"start":{"line":4,"column":13},"end":{"line":4,"column":37}},"4":{"start":{"line":5,"column":12},"end":{"line":5,"column":37}},"5":{"start":{"line":7,"column":13},"end":{"line":7,"column":42}},"6":{"start":{"line":10,"column":0},"end":{"line":18,"column":5}},"7":{"start":{"line":11,"column":4},"end":{"line":17,"column":5}},"8":{"start":{"line":12,"column":20},"end":{"line":12,"column":57}},"9":{"start":{"line":13,"column":6},"end":{"line":13,"column":22}},"10":{"start":{"line":15,"column":6},"end":{"line":15,"column":35}},"11":{"start":{"line":16,"column":6},"end":{"line":16,"column":45}},"12":{"start":{"line":20,"column":17},"end":{"line":20,"column":34}},"13":{"start":{"line":21,"column":17},"end":{"line":21,"column":121}},"14":{"start":{"line":24,"column":2},"end":{"line":73,"column":5}},"15":{"start":{"line":25,"column":51},"end":{"line":25,"column":59}},"16":{"start":{"line":28,"column":4},"end":{"line":72,"column":5}},"17":{"start":{"line":29,"column":27},"end":{"line":29,"column":55}},"18":{"start":{"line":30,"column":6},"end":{"line":32,"column":7}},"19":{"start":{"line":31,"column":8},"end":{"line":31,"column":93}},"20":{"start":{"line":34,"column":19},"end":{"line":40,"column":8}},"21":{"start":{"line":41,"column":6},"end":{"line":41,"column":24}},"22":{"start":{"line":44,"column":23},"end":{"line":44,"column":46}},"23":{"start":{"line":46,"column":22},"end":{"line":46,"column":30}},"24":{"start":{"line":48,"column":20},"end":{"line":48,"column":22}},"25":{"start":{"line":50,"column":27},"end":{"line":50,"column":59}},"26":{"start":{"line":51,"column":6},"end":{"line":54,"column":7}},"27":{"start":{"line":52,"column":8},"end":{"line":52,"column":47}},"28":{"start":{"line":53,"column":8},"end":{"line":53,"column":99}},"29":{"start":{"line":56,"column":24},"end":{"line":61,"column":8}},"30":{"start":{"line":63,"column":6},"end":{"line":63,"column":32}},"31":{"start":{"line":64,"column":6},"end":{"line":64,"column":24}},"32":{"start":{"line":66,"column":6},"end":{"line":69,"column":9}},"33":{"start":{"line":71,"column":6},"end":{"line":71,"column":34}},"34":{"start":{"line":75,"column":0},"end":{"line":85,"column":5}},"35":{"start":{"line":76,"column":4},"end":{"line":84,"column":5}},"36":{"start":{"line":77,"column":19},"end":{"line":77,"column":53}},"37":{"start":{"line":78,"column":6},"end":{"line":80,"column":7}},"38":{"start":{"line":79,"column":8},"end":{"line":79,"column":38}},"39":{"start":{"line":81,"column":6},"end":{"line":81,"column":21}},"40":{"start":{"line":83,"column":6},"end":{"line":83,"column":29}},"41":{"start":{"line":89,"column":0},"end":{"line":113,"column":5}},"42":{"start":{"line":90,"column":46},"end":{"line":90,"column":54}},"43":{"start":{"line":91,"column":17},"end":{"line":91,"column":30}},"44":{"start":{"line":92,"column":4},"end":{"line":112,"column":5}},"45":{"start":{"line":93,"column":19},"end":{"line":93,"column":54}},"46":{"start":{"line":94,"column":6},"end":{"line":96,"column":7}},"47":{"start":{"line":95,"column":8},"end":{"line":95,"column":38}},"48":{"start":{"line":97,"column":6},"end":{"line":97,"column":36}},"49":{"start":{"line":98,"column":6},"end":{"line":98,"column":57}},"50":{"start":{"line":99,"column":6},"end":{"line":99,"column":45}},"51":{"start":{"line":100,"column":6},"end":{"line":100,"column":42}},"52":{"start":{"line":101,"column":6},"end":{"line":106,"column":7}},"53":{"start":{"line":102,"column":8},"end":{"line":102,"column":37}},"54":{"start":{"line":105,"column":8},"end":{"line":105,"column":28}},"55":{"start":{"line":107,"column":6},"end":{"line":107,"column":23}},"56":{"start":{"line":108,"column":6},"end":{"line":108,"column":21}},"57":{"start":{"line":110,"column":6},"end":{"line":110,"column":32}},"58":{"start":{"line":111,"column":6},"end":{"line":111,"column":34}},"59":{"start":{"line":116,"column":2},"end":{"line":151,"column":5}},"60":{"start":{"line":117,"column":4},"end":{"line":150,"column":5}},"61":{"start":{"line":118,"column":19},"end":{"line":118,"column":58}},"62":{"start":{"line":119,"column":6},"end":{"line":121,"column":7}},"63":{"start":{"line":120,"column":8},"end":{"line":120,"column":38}},"64":{"start":{"line":124,"column":19},"end":{"line":124,"column":70}},"65":{"start":{"line":125,"column":2},"end":{"line":125,"column":19}},"66":{"start":{"line":127,"column":6},"end":{"line":129,"column":7}},"67":{"start":{"line":128,"column":8},"end":{"line":128,"column":31}},"68":{"start":{"line":131,"column":6},"end":{"line":134,"column":8}},"69":{"start":{"line":135,"column":6},"end":{"line":138,"column":8}},"70":{"start":{"line":139,"column":6},"end":{"line":145,"column":9}},"71":{"start":{"line":140,"column":8},"end":{"line":143,"column":10}},"72":{"start":{"line":144,"column":8},"end":{"line":144,"column":55}},"73":{"start":{"line":146,"column":6},"end":{"line":146,"column":23}},"74":{"start":{"line":147,"column":6},"end":{"line":147,"column":21}},"75":{"start":{"line":149,"column":6},"end":{"line":149,"column":29}},"76":{"start":{"line":169,"column":2},"end":{"line":182,"column":5}},"77":{"start":{"line":170,"column":19},"end":{"line":170,"column":36}},"78":{"start":{"line":171,"column":4},"end":{"line":181,"column":5}},"79":{"start":{"line":172,"column":19},"end":{"line":172,"column":66}},"80":{"start":{"line":173,"column":6},"end":{"line":176,"column":7}},"81":{"start":{"line":174,"column":8},"end":{"line":174,"column":62}},"82":{"start":{"line":175,"column":8},"end":{"line":175,"column":15}},"83":{"start":{"line":177,"column":6},"end":{"line":177,"column":29}},"84":{"start":{"line":179,"column":6},"end":{"line":179,"column":51}},"85":{"start":{"line":180,"column":6},"end":{"line":180,"column":60}},"86":{"start":{"line":186,"column":2},"end":{"line":211,"column":5}},"87":{"start":{"line":187,"column":4},"end":{"line":210,"column":5}},"88":{"start":{"line":188,"column":19},"end":{"line":192,"column":7}},"89":{"start":{"line":193,"column":6},"end":{"line":195,"column":7}},"90":{"start":{"line":194,"column":8},"end":{"line":194,"column":65}},"91":{"start":{"line":197,"column":19},"end":{"line":201,"column":7}},"92":{"start":{"line":202,"column":6},"end":{"line":204,"column":7}},"93":{"start":{"line":203,"column":8},"end":{"line":203,"column":65}},"94":{"start":{"line":206,"column":6},"end":{"line":206,"column":29}},"95":{"start":{"line":208,"column":6},"end":{"line":208,"column":27}},"96":{"start":{"line":209,"column":6},"end":{"line":209,"column":63}},"97":{"start":{"line":215,"column":2},"end":{"line":231,"column":5}},"98":{"start":{"line":216,"column":4},"end":{"line":230,"column":5}},"99":{"start":{"line":217,"column":21},"end":{"line":217,"column":38}},"100":{"start":{"line":218,"column":21},"end":{"line":218,"column":38}},"101":{"start":{"line":220,"column":17},"end":{"line":220,"column":44}},"102":{"start":{"line":221,"column":8},"end":{"line":225,"column":10}},"103":{"start":{"line":226,"column":6},"end":{"line":226,"column":21}},"104":{"start":{"line":228,"column":6},"end":{"line":228,"column":25}},"105":{"start":{"line":229,"column":6},"end":{"line":229,"column":45}},"106":{"start":{"line":236,"column":0},"end":{"line":253,"column":3}},"107":{"start":{"line":237,"column":4},"end":{"line":252,"column":5}},"108":{"start":{"line":238,"column":23},"end":{"line":238,"column":40}},"109":{"start":{"line":239,"column":23},"end":{"line":239,"column":40}},"110":{"start":{"line":241,"column":19},"end":{"line":241,"column":46}},"111":{"start":{"line":243,"column":10},"end":{"line":247,"column":10}},"112":{"start":{"line":248,"column":8},"end":{"line":248,"column":23}},"113":{"start":{"line":250,"column":8},"end":{"line":250,"column":27}},"114":{"start":{"line":251,"column":8},"end":{"line":251,"column":47}},"115":{"start":{"line":262,"column":0},"end":{"line":262,"column":24}}},"fnMap":{"0":{"name":"(anonymous_0)","decl":{"start":{"line":10,"column":16},"end":{"line":10,"column":17}},"loc":{"start":{"line":10,"column":36},"end":{"line":18,"column":3}},"line":10},"1":{"name":"(anonymous_1)","decl":{"start":{"line":24,"column":45},"end":{"line":24,"column":46}},"loc":{"start":{"line":24,"column":65},"end":{"line":73,"column":3}},"line":24},"2":{"name":"(anonymous_2)","decl":{"start":{"line":75,"column":19},"end":{"line":75,"column":20}},"loc":{"start":{"line":75,"column":39},"end":{"line":85,"column":3}},"line":75},"3":{"name":"(anonymous_3)","decl":{"start":{"line":89,"column":48},"end":{"line":89,"column":49}},"loc":{"start":{"line":89,"column":68},"end":{"line":113,"column":3}},"line":89},"4":{"name":"(anonymous_4)","decl":{"start":{"line":116,"column":31},"end":{"line":116,"column":32}},"loc":{"start":{"line":116,"column":51},"end":{"line":151,"column":3}},"line":116},"5":{"name":"(anonymous_5)","decl":{"start":{"line":139,"column":26},"end":{"line":139,"column":27}},"loc":{"start":{"line":139,"column":45},"end":{"line":145,"column":7}},"line":139},"6":{"name":"(anonymous_6)","decl":{"start":{"line":169,"column":33},"end":{"line":169,"column":34}},"loc":{"start":{"line":169,"column":53},"end":{"line":182,"column":3}},"line":169},"7":{"name":"(anonymous_7)","decl":{"start":{"line":186,"column":42},"end":{"line":186,"column":43}},"loc":{"start":{"line":186,"column":62},"end":{"line":211,"column":3}},"line":186},"8":{"name":"(anonymous_8)","decl":{"start":{"line":215,"column":38},"end":{"line":215,"column":39}},"loc":{"start":{"line":215,"column":58},"end":{"line":231,"column":3}},"line":215},"9":{"name":"(anonymous_9)","decl":{"start":{"line":236,"column":39},"end":{"line":236,"column":40}},"loc":{"start":{"line":236,"column":59},"end":{"line":253,"column":1}},"line":236}},"branchMap":{"0":{"loc":{"start":{"line":30,"column":6},"end":{"line":32,"column":7}},"type":"if","locations":[{"start":{"line":30,"column":6},"end":{"line":32,"column":7}},{"start":{},"end":{}}],"line":30},"1":{"loc":{"start":{"line":39,"column":14},"end":{"line":39,"column":54}},"type":"cond-expr","locations":[{"start":{"line":39,"column":25},"end":{"line":39,"column":42}},{"start":{"line":39,"column":45},"end":{"line":39,"column":54}}],"line":39},"2":{"loc":{"start":{"line":51,"column":6},"end":{"line":54,"column":7}},"type":"if","locations":[{"start":{"line":51,"column":6},"end":{"line":54,"column":7}},{"start":{},"end":{}}],"line":51},"3":{"loc":{"start":{"line":78,"column":6},"end":{"line":80,"column":7}},"type":"if","locations":[{"start":{"line":78,"column":6},"end":{"line":80,"column":7}},{"start":{},"end":{}}],"line":78},"4":{"loc":{"start":{"line":94,"column":6},"end":{"line":96,"column":7}},"type":"if","locations":[{"start":{"line":94,"column":6},"end":{"line":96,"column":7}},{"start":{},"end":{}}],"line":94},"5":{"loc":{"start":{"line":97,"column":18},"end":{"line":97,"column":35}},"type":"binary-expr","locations":[{"start":{"line":97,"column":18},"end":{"line":97,"column":22}},{"start":{"line":97,"column":26},"end":{"line":97,"column":35}}],"line":97},"6":{"loc":{"start":{"line":98,"column":25},"end":{"line":98,"column":56}},"type":"binary-expr","locations":[{"start":{"line":98,"column":25},"end":{"line":98,"column":36}},{"start":{"line":98,"column":40},"end":{"line":98,"column":56}}],"line":98},"7":{"loc":{"start":{"line":99,"column":21},"end":{"line":99,"column":44}},"type":"binary-expr","locations":[{"start":{"line":99,"column":21},"end":{"line":99,"column":28}},{"start":{"line":99,"column":32},"end":{"line":99,"column":44}}],"line":99},"8":{"loc":{"start":{"line":100,"column":20},"end":{"line":100,"column":41}},"type":"binary-expr","locations":[{"start":{"line":100,"column":20},"end":{"line":100,"column":26}},{"start":{"line":100,"column":30},"end":{"line":100,"column":41}}],"line":100},"9":{"loc":{"start":{"line":101,"column":6},"end":{"line":106,"column":7}},"type":"if","locations":[{"start":{"line":101,"column":6},"end":{"line":106,"column":7}},{"start":{"line":104,"column":11},"end":{"line":106,"column":7}}],"line":101},"10":{"loc":{"start":{"line":119,"column":6},"end":{"line":121,"column":7}},"type":"if","locations":[{"start":{"line":119,"column":6},"end":{"line":121,"column":7}},{"start":{},"end":{}}],"line":119},"11":{"loc":{"start":{"line":127,"column":6},"end":{"line":129,"column":7}},"type":"if","locations":[{"start":{"line":127,"column":6},"end":{"line":129,"column":7}},{"start":{},"end":{}}],"line":127},"12":{"loc":{"start":{"line":173,"column":6},"end":{"line":176,"column":7}},"type":"if","locations":[{"start":{"line":173,"column":6},"end":{"line":176,"column":7}},{"start":{},"end":{}}],"line":173},"13":{"loc":{"start":{"line":193,"column":6},"end":{"line":195,"column":7}},"type":"if","locations":[{"start":{"line":193,"column":6},"end":{"line":195,"column":7}},{"start":{},"end":{}}],"line":193},"14":{"loc":{"start":{"line":202,"column":6},"end":{"line":204,"column":7}},"type":"if","locations":[{"start":{"line":202,"column":6},"end":{"line":204,"column":7}},{"start":{},"end":{}}],"line":202}},"s":{"0":2,"1":2,"2":2,"3":2,"4":2,"5":2,"6":2,"7":1,"8":1,"9":1,"10":0,"11":0,"12":2,"13":2,"14":2,"15":2,"16":2,"17":2,"18":2,"19":0,"20":2,"21":2,"22":2,"23":2,"24":2,"25":2,"26":2,"27":0,"28":0,"29":2,"30":2,"31":2,"32":2,"33":0,"34":2,"35":1,"36":1,"37":1,"38":0,"39":1,"40":0,"41":2,"42":1,"43":1,"44":1,"45":1,"46":1,"47":0,"48":1,"49":1,"50":1,"51":1,"52":1,"53":0,"54":1,"55":1,"56":1,"57":0,"58":0,"59":2,"60":1,"61":1,"62":1,"63":0,"64":1,"65":1,"66":1,"67":1,"68":1,"69":1,"70":1,"71":0,"72":0,"73":1,"74":1,"75":0,"76":2,"77":0,"78":0,"79":0,"80":0,"81":0,"82":0,"83":0,"84":0,"85":0,"86":2,"87":0,"88":0,"89":0,"90":0,"91":0,"92":0,"93":0,"94":0,"95":0,"96":0,"97":2,"98":0,"99":0,"100":0,"101":0,"102":0,"103":0,"104":0,"105":0,"106":2,"107":0,"108":0,"109":0,"110":0,"111":0,"112":0,"113":0,"114":0,"115":2},"f":{"0":1,"1":2,"2":1,"3":1,"4":1,"5":0,"6":0,"7":0,"8":0,"9":0},"b":{"0":[0,2],"1":[0,2],"2":[0,2],"3":[0,1],"4":[0,1],"5":[1,0],"6":[1,0],"7":[1,0],"8":[1,0],"9":[0,1],"10":[0,1],"11":[1,0],"12":[0,0],"13":[0,0],"14":[0,0]},"_coverageSchema":"1a1c01bbd47fc00a2c39e90264f33305004495a9","hash":"faa2df05743fc6beb90dbfe3f8f8e9b47109ceed"}
,"/home/wael/STAGE-PFE/Project/App-PFE/BackCatchApp-Amine-new/routes/events.js": {"path":"/home/wael/STAGE-PFE/Project/App-PFE/BackCatchApp-Amine-new/routes/events.js","statementMap":{"0":{"start":{"line":1,"column":14},"end":{"line":1,"column":32}},"1":{"start":{"line":2,"column":13},"end":{"line":2,"column":29}},"2":{"start":{"line":3,"column":12},"end":{"line":3,"column":37}},"3":{"start":{"line":4,"column":13},"end":{"line":4,"column":37}},"4":{"start":{"line":5,"column":13},"end":{"line":5,"column":37}},"5":{"start":{"line":7,"column":0},"end":{"line":15,"column":3}},"6":{"start":{"line":8,"column":2},"end":{"line":14,"column":3}},"7":{"start":{"line":9,"column":19},"end":{"line":9,"column":37}},"8":{"start":{"line":10,"column":4},"end":{"line":10,"column":21}},"9":{"start":{"line":12,"column":4},"end":{"line":12,"column":33}},"10":{"start":{"line":13,"column":4},"end":{"line":13,"column":32}},"11":{"start":{"line":17,"column":0},"end":{"line":21,"column":3}},"12":{"start":{"line":19,"column":4},"end":{"line":19,"column":39}},"13":{"start":{"line":23,"column":0},"end":{"line":32,"column":3}},"14":{"start":{"line":24,"column":16},"end":{"line":24,"column":29}},"15":{"start":{"line":25,"column":2},"end":{"line":31,"column":3}},"16":{"start":{"line":26,"column":18},"end":{"line":26,"column":47}},"17":{"start":{"line":27,"column":4},"end":{"line":27,"column":20}},"18":{"start":{"line":29,"column":4},"end":{"line":29,"column":33}},"19":{"start":{"line":30,"column":4},"end":{"line":30,"column":43}},"20":{"start":{"line":36,"column":15},"end":{"line":36,"column":32}},"21":{"start":{"line":37,"column":15},"end":{"line":37,"column":119}},"22":{"start":{"line":40,"column":0},"end":{"line":63,"column":3}},"23":{"start":{"line":41,"column":76},"end":{"line":41,"column":84}},"24":{"start":{"line":42,"column":2},"end":{"line":62,"column":3}},"25":{"start":{"line":43,"column":18},"end":{"line":53,"column":6}},"26":{"start":{"line":54,"column":6},"end":{"line":54,"column":25}},"27":{"start":{"line":55,"column":6},"end":{"line":58,"column":8}},"28":{"start":{"line":59,"column":6},"end":{"line":59,"column":34}},"29":{"start":{"line":61,"column":4},"end":{"line":61,"column":51}},"30":{"start":{"line":65,"column":0},"end":{"line":99,"column":5}},"31":{"start":{"line":66,"column":76},"end":{"line":66,"column":84}},"32":{"start":{"line":67,"column":4},"end":{"line":98,"column":5}},"33":{"start":{"line":68,"column":27},"end":{"line":68,"column":70}},"34":{"start":{"line":69,"column":6},"end":{"line":71,"column":7}},"35":{"start":{"line":70,"column":8},"end":{"line":70,"column":68}},"36":{"start":{"line":72,"column":6},"end":{"line":75,"column":8}},"37":{"start":{"line":76,"column":6},"end":{"line":76,"column":55}},"38":{"start":{"line":77,"column":6},"end":{"line":77,"column":73}},"39":{"start":{"line":78,"column":6},"end":{"line":78,"column":55}},"40":{"start":{"line":79,"column":6},"end":{"line":79,"column":49}},"41":{"start":{"line":80,"column":6},"end":{"line":80,"column":64}},"42":{"start":{"line":81,"column":6},"end":{"line":81,"column":49}},"43":{"start":{"line":82,"column":6},"end":{"line":82,"column":67}},"44":{"start":{"line":83,"column":6},"end":{"line":83,"column":65}},"45":{"start":{"line":84,"column":6},"end":{"line":89,"column":7}},"46":{"start":{"line":85,"column":8},"end":{"line":85,"column":44}},"47":{"start":{"line":88,"column":8},"end":{"line":88,"column":35}},"48":{"start":{"line":90,"column":6},"end":{"line":90,"column":31}},"49":{"start":{"line":91,"column":6},"end":{"line":94,"column":8}},"50":{"start":{"line":95,"column":6},"end":{"line":95,"column":41}},"51":{"start":{"line":97,"column":6},"end":{"line":97,"column":53}},"52":{"start":{"line":102,"column":0},"end":{"line":121,"column":3}},"53":{"start":{"line":103,"column":2},"end":{"line":120,"column":3}},"54":{"start":{"line":104,"column":25},"end":{"line":104,"column":65}},"55":{"start":{"line":105,"column":4},"end":{"line":107,"column":5}},"56":{"start":{"line":106,"column":6},"end":{"line":106,"column":66}},"57":{"start":{"line":108,"column":4},"end":{"line":111,"column":6}},"58":{"start":{"line":112,"column":4},"end":{"line":115,"column":6}},"59":{"start":{"line":116,"column":4},"end":{"line":116,"column":35}},"60":{"start":{"line":117,"column":4},"end":{"line":117,"column":68}},"61":{"start":{"line":119,"column":4},"end":{"line":119,"column":51}},"62":{"start":{"line":124,"column":0},"end":{"line":131,"column":5}},"63":{"start":{"line":125,"column":4},"end":{"line":130,"column":5}},"64":{"start":{"line":126,"column":27},"end":{"line":126,"column":97}},"65":{"start":{"line":127,"column":6},"end":{"line":127,"column":41}},"66":{"start":{"line":129,"column":6},"end":{"line":129,"column":53}},"67":{"start":{"line":135,"column":2},"end":{"line":145,"column":5}},"68":{"start":{"line":136,"column":4},"end":{"line":144,"column":5}},"69":{"start":{"line":137,"column":20},"end":{"line":137,"column":77}},"70":{"start":{"line":138,"column":6},"end":{"line":140,"column":7}},"71":{"start":{"line":139,"column":8},"end":{"line":139,"column":68}},"72":{"start":{"line":141,"column":6},"end":{"line":141,"column":32}},"73":{"start":{"line":143,"column":6},"end":{"line":143,"column":53}},"74":{"start":{"line":154,"column":2},"end":{"line":164,"column":5}},"75":{"start":{"line":155,"column":4},"end":{"line":163,"column":5}},"76":{"start":{"line":156,"column":20},"end":{"line":156,"column":55}},"77":{"start":{"line":157,"column":6},"end":{"line":159,"column":7}},"78":{"start":{"line":158,"column":8},"end":{"line":158,"column":68}},"79":{"start":{"line":160,"column":6},"end":{"line":160,"column":50}},"80":{"start":{"line":162,"column":6},"end":{"line":162,"column":53}},"81":{"start":{"line":166,"column":2},"end":{"line":197,"column":5}},"82":{"start":{"line":167,"column":4},"end":{"line":196,"column":5}},"83":{"start":{"line":172,"column":19},"end":{"line":172,"column":57}},"84":{"start":{"line":173,"column":6},"end":{"line":175,"column":7}},"85":{"start":{"line":174,"column":8},"end":{"line":174,"column":67}},"86":{"start":{"line":179,"column":20},"end":{"line":179,"column":60}},"87":{"start":{"line":180,"column":6},"end":{"line":182,"column":7}},"88":{"start":{"line":181,"column":8},"end":{"line":181,"column":68}},"89":{"start":{"line":183,"column":6},"end":{"line":185,"column":7}},"90":{"start":{"line":184,"column":8},"end":{"line":184,"column":89}},"91":{"start":{"line":186,"column":6},"end":{"line":188,"column":7}},"92":{"start":{"line":187,"column":8},"end":{"line":187,"column":71}},"93":{"start":{"line":189,"column":6},"end":{"line":189,"column":46}},"94":{"start":{"line":190,"column":6},"end":{"line":190,"column":25}},"95":{"start":{"line":191,"column":6},"end":{"line":191,"column":43}},"96":{"start":{"line":192,"column":6},"end":{"line":192,"column":24}},"97":{"start":{"line":193,"column":6},"end":{"line":193,"column":34}},"98":{"start":{"line":195,"column":6},"end":{"line":195,"column":53}},"99":{"start":{"line":202,"column":2},"end":{"line":227,"column":5}},"100":{"start":{"line":203,"column":4},"end":{"line":226,"column":5}},"101":{"start":{"line":204,"column":19},"end":{"line":208,"column":7}},"102":{"start":{"line":209,"column":6},"end":{"line":211,"column":7}},"103":{"start":{"line":210,"column":8},"end":{"line":210,"column":65}},"104":{"start":{"line":213,"column":20},"end":{"line":217,"column":7}},"105":{"start":{"line":218,"column":6},"end":{"line":220,"column":7}},"106":{"start":{"line":219,"column":8},"end":{"line":219,"column":66}},"107":{"start":{"line":222,"column":6},"end":{"line":222,"column":30}},"108":{"start":{"line":224,"column":6},"end":{"line":224,"column":27}},"109":{"start":{"line":225,"column":6},"end":{"line":225,"column":63}},"110":{"start":{"line":251,"column":0},"end":{"line":251,"column":24}}},"fnMap":{"0":{"name":"(anonymous_0)","decl":{"start":{"line":7,"column":16},"end":{"line":7,"column":17}},"loc":{"start":{"line":7,"column":36},"end":{"line":15,"column":1}},"line":7},"1":{"name":"(anonymous_1)","decl":{"start":{"line":17,"column":22},"end":{"line":17,"column":23}},"loc":{"start":{"line":17,"column":42},"end":{"line":21,"column":1}},"line":17},"2":{"name":"(anonymous_2)","decl":{"start":{"line":23,"column":19},"end":{"line":23,"column":20}},"loc":{"start":{"line":23,"column":39},"end":{"line":32,"column":1}},"line":23},"3":{"name":"(anonymous_3)","decl":{"start":{"line":40,"column":41},"end":{"line":40,"column":42}},"loc":{"start":{"line":40,"column":61},"end":{"line":63,"column":1}},"line":40},"4":{"name":"(anonymous_4)","decl":{"start":{"line":65,"column":40},"end":{"line":65,"column":41}},"loc":{"start":{"line":65,"column":60},"end":{"line":99,"column":3}},"line":65},"5":{"name":"(anonymous_5)","decl":{"start":{"line":102,"column":22},"end":{"line":102,"column":23}},"loc":{"start":{"line":102,"column":42},"end":{"line":121,"column":1}},"line":102},"6":{"name":"(anonymous_6)","decl":{"start":{"line":124,"column":22},"end":{"line":124,"column":23}},"loc":{"start":{"line":124,"column":42},"end":{"line":131,"column":3}},"line":124},"7":{"name":"(anonymous_7)","decl":{"start":{"line":135,"column":31},"end":{"line":135,"column":32}},"loc":{"start":{"line":135,"column":51},"end":{"line":145,"column":3}},"line":135},"8":{"name":"(anonymous_8)","decl":{"start":{"line":154,"column":37},"end":{"line":154,"column":38}},"loc":{"start":{"line":154,"column":57},"end":{"line":164,"column":3}},"line":154},"9":{"name":"(anonymous_9)","decl":{"start":{"line":166,"column":40},"end":{"line":166,"column":41}},"loc":{"start":{"line":166,"column":60},"end":{"line":197,"column":3}},"line":166},"10":{"name":"(anonymous_10)","decl":{"start":{"line":202,"column":43},"end":{"line":202,"column":44}},"loc":{"start":{"line":202,"column":63},"end":{"line":227,"column":3}},"line":202}},"branchMap":{"0":{"loc":{"start":{"line":52,"column":11},"end":{"line":52,"column":51}},"type":"cond-expr","locations":[{"start":{"line":52,"column":22},"end":{"line":52,"column":39}},{"start":{"line":52,"column":42},"end":{"line":52,"column":51}}],"line":52},"1":{"loc":{"start":{"line":69,"column":6},"end":{"line":71,"column":7}},"type":"if","locations":[{"start":{"line":69,"column":6},"end":{"line":71,"column":7}},{"start":{},"end":{}}],"line":69},"2":{"loc":{"start":{"line":76,"column":27},"end":{"line":76,"column":54}},"type":"binary-expr","locations":[{"start":{"line":76,"column":27},"end":{"line":76,"column":32}},{"start":{"line":76,"column":36},"end":{"line":76,"column":54}}],"line":76},"3":{"loc":{"start":{"line":77,"column":33},"end":{"line":77,"column":72}},"type":"binary-expr","locations":[{"start":{"line":77,"column":33},"end":{"line":77,"column":44}},{"start":{"line":77,"column":48},"end":{"line":77,"column":72}}],"line":77},"4":{"loc":{"start":{"line":78,"column":27},"end":{"line":78,"column":54}},"type":"binary-expr","locations":[{"start":{"line":78,"column":27},"end":{"line":78,"column":32}},{"start":{"line":78,"column":36},"end":{"line":78,"column":54}}],"line":78},"5":{"loc":{"start":{"line":79,"column":25},"end":{"line":79,"column":48}},"type":"binary-expr","locations":[{"start":{"line":79,"column":25},"end":{"line":79,"column":28}},{"start":{"line":79,"column":32},"end":{"line":79,"column":48}}],"line":79},"6":{"loc":{"start":{"line":80,"column":30},"end":{"line":80,"column":63}},"type":"binary-expr","locations":[{"start":{"line":80,"column":30},"end":{"line":80,"column":38}},{"start":{"line":80,"column":42},"end":{"line":80,"column":63}}],"line":80},"7":{"loc":{"start":{"line":81,"column":25},"end":{"line":81,"column":48}},"type":"binary-expr","locations":[{"start":{"line":81,"column":25},"end":{"line":81,"column":28}},{"start":{"line":81,"column":32},"end":{"line":81,"column":48}}],"line":81},"8":{"loc":{"start":{"line":82,"column":31},"end":{"line":82,"column":66}},"type":"binary-expr","locations":[{"start":{"line":82,"column":31},"end":{"line":82,"column":40}},{"start":{"line":82,"column":44},"end":{"line":82,"column":66}}],"line":82},"9":{"loc":{"start":{"line":83,"column":29},"end":{"line":83,"column":64}},"type":"binary-expr","locations":[{"start":{"line":83,"column":29},"end":{"line":83,"column":38}},{"start":{"line":83,"column":42},"end":{"line":83,"column":64}}],"line":83},"10":{"loc":{"start":{"line":84,"column":6},"end":{"line":89,"column":7}},"type":"if","locations":[{"start":{"line":84,"column":6},"end":{"line":89,"column":7}},{"start":{"line":87,"column":11},"end":{"line":89,"column":7}}],"line":84},"11":{"loc":{"start":{"line":105,"column":4},"end":{"line":107,"column":5}},"type":"if","locations":[{"start":{"line":105,"column":4},"end":{"line":107,"column":5}},{"start":{},"end":{}}],"line":105},"12":{"loc":{"start":{"line":138,"column":6},"end":{"line":140,"column":7}},"type":"if","locations":[{"start":{"line":138,"column":6},"end":{"line":140,"column":7}},{"start":{},"end":{}}],"line":138},"13":{"loc":{"start":{"line":157,"column":6},"end":{"line":159,"column":7}},"type":"if","locations":[{"start":{"line":157,"column":6},"end":{"line":159,"column":7}},{"start":{},"end":{}}],"line":157},"14":{"loc":{"start":{"line":173,"column":6},"end":{"line":175,"column":7}},"type":"if","locations":[{"start":{"line":173,"column":6},"end":{"line":175,"column":7}},{"start":{},"end":{}}],"line":173},"15":{"loc":{"start":{"line":180,"column":6},"end":{"line":182,"column":7}},"type":"if","locations":[{"start":{"line":180,"column":6},"end":{"line":182,"column":7}},{"start":{},"end":{}}],"line":180},"16":{"loc":{"start":{"line":183,"column":6},"end":{"line":185,"column":7}},"type":"if","locations":[{"start":{"line":183,"column":6},"end":{"line":185,"column":7}},{"start":{},"end":{}}],"line":183},"17":{"loc":{"start":{"line":186,"column":6},"end":{"line":188,"column":7}},"type":"if","locations":[{"start":{"line":186,"column":6},"end":{"line":188,"column":7}},{"start":{},"end":{}}],"line":186},"18":{"loc":{"start":{"line":209,"column":6},"end":{"line":211,"column":7}},"type":"if","locations":[{"start":{"line":209,"column":6},"end":{"line":211,"column":7}},{"start":{},"end":{}}],"line":209},"19":{"loc":{"start":{"line":218,"column":6},"end":{"line":220,"column":7}},"type":"if","locations":[{"start":{"line":218,"column":6},"end":{"line":220,"column":7}},{"start":{},"end":{}}],"line":218}},"s":{"0":3,"1":3,"2":3,"3":3,"4":3,"5":3,"6":1,"7":1,"8":1,"9":0,"10":0,"11":3,"12":1,"13":3,"14":1,"15":1,"16":1,"17":1,"18":0,"19":0,"20":3,"21":3,"22":3,"23":1,"24":1,"25":1,"26":1,"27":1,"28":1,"29":0,"30":3,"31":0,"32":0,"33":0,"34":0,"35":0,"36":0,"37":0,"38":0,"39":0,"40":0,"41":0,"42":0,"43":0,"44":0,"45":0,"46":0,"47":0,"48":0,"49":0,"50":0,"51":0,"52":3,"53":0,"54":0,"55":0,"56":0,"57":0,"58":0,"59":0,"60":0,"61":0,"62":3,"63":0,"64":0,"65":0,"66":0,"67":3,"68":0,"69":0,"70":0,"71":0,"72":0,"73":0,"74":3,"75":0,"76":0,"77":0,"78":0,"79":0,"80":0,"81":3,"82":0,"83":0,"84":0,"85":0,"86":0,"87":0,"88":0,"89":0,"90":0,"91":0,"92":0,"93":0,"94":0,"95":0,"96":0,"97":0,"98":0,"99":3,"100":0,"101":0,"102":0,"103":0,"104":0,"105":0,"106":0,"107":0,"108":0,"109":0,"110":3},"f":{"0":1,"1":1,"2":1,"3":1,"4":0,"5":0,"6":0,"7":0,"8":0,"9":0,"10":0},"b":{"0":[0,1],"1":[0,0],"2":[0,0],"3":[0,0],"4":[0,0],"5":[0,0],"6":[0,0],"7":[0,0],"8":[0,0],"9":[0,0],"10":[0,0],"11":[0,0],"12":[0,0],"13":[0,0],"14":[0,0],"15":[0,0],"16":[0,0],"17":[0,0],"18":[0,0],"19":[0,0]},"_coverageSchema":"1a1c01bbd47fc00a2c39e90264f33305004495a9","hash":"0674455d29b5fa5aac366904f0c6e7e8b5bd79f5"}
,"/home/wael/STAGE-PFE/Project/App-PFE/BackCatchApp-Amine-new/routes/facebook.js": {"path":"/home/wael/STAGE-PFE/Project/App-PFE/BackCatchApp-Amine-new/routes/facebook.js","statementMap":{"0":{"start":{"line":1,"column":17},"end":{"line":1,"column":36}},"1":{"start":{"line":2,"column":25},"end":{"line":2,"column":62}},"2":{"start":{"line":3,"column":16},"end":{"line":3,"column":34}},"3":{"start":{"line":4,"column":13},"end":{"line":4,"column":37}},"4":{"start":{"line":6,"column":15},"end":{"line":6,"column":31}},"5":{"start":{"line":7,"column":0},"end":{"line":7,"column":27}},"6":{"start":{"line":9,"column":0},"end":{"line":40,"column":2}},"7":{"start":{"line":17,"column":19},"end":{"line":20,"column":8}},"8":{"start":{"line":21,"column":6},"end":{"line":37,"column":7}},"9":{"start":{"line":22,"column":8},"end":{"line":22,"column":56}},"10":{"start":{"line":23,"column":26},"end":{"line":23,"column":56}},"11":{"start":{"line":24,"column":21},"end":{"line":29,"column":10}},"12":{"start":{"line":30,"column":8},"end":{"line":30,"column":26}},"13":{"start":{"line":32,"column":8},"end":{"line":32,"column":33}},"14":{"start":{"line":34,"column":8},"end":{"line":34,"column":59}},"15":{"start":{"line":36,"column":8},"end":{"line":36,"column":33}},"16":{"start":{"line":42,"column":0},"end":{"line":42,"column":71}},"17":{"start":{"line":44,"column":0},"end":{"line":53,"column":2}},"18":{"start":{"line":51,"column":4},"end":{"line":51,"column":43}},"19":{"start":{"line":55,"column":0},"end":{"line":62,"column":3}},"20":{"start":{"line":56,"column":19},"end":{"line":60,"column":3}},"21":{"start":{"line":61,"column":2},"end":{"line":61,"column":54}},"22":{"start":{"line":64,"column":0},"end":{"line":64,"column":80}},"23":{"start":{"line":64,"column":35},"end":{"line":64,"column":78}},"24":{"start":{"line":66,"column":0},"end":{"line":75,"column":3}},"25":{"start":{"line":67,"column":2},"end":{"line":74,"column":3}},"26":{"start":{"line":68,"column":4},"end":{"line":70,"column":7}},"27":{"start":{"line":69,"column":6},"end":{"line":69,"column":40}},"28":{"start":{"line":71,"column":4},"end":{"line":71,"column":23}},"29":{"start":{"line":73,"column":4},"end":{"line":73,"column":68}},"30":{"start":{"line":77,"column":0},"end":{"line":77,"column":24}}},"fnMap":{"0":{"name":"(anonymous_0)","decl":{"start":{"line":16,"column":4},"end":{"line":16,"column":5}},"loc":{"start":{"line":16,"column":60},"end":{"line":38,"column":5}},"line":16},"1":{"name":"(anonymous_1)","decl":{"start":{"line":49,"column":2},"end":{"line":49,"column":3}},"loc":{"start":{"line":49,"column":22},"end":{"line":52,"column":3}},"line":49},"2":{"name":"(anonymous_2)","decl":{"start":{"line":55,"column":23},"end":{"line":55,"column":24}},"loc":{"start":{"line":55,"column":43},"end":{"line":62,"column":1}},"line":55},"3":{"name":"(anonymous_3)","decl":{"start":{"line":64,"column":21},"end":{"line":64,"column":22}},"loc":{"start":{"line":64,"column":35},"end":{"line":64,"column":78}},"line":64},"4":{"name":"(anonymous_4)","decl":{"start":{"line":66,"column":23},"end":{"line":66,"column":24}},"loc":{"start":{"line":66,"column":37},"end":{"line":75,"column":1}},"line":66},"5":{"name":"(anonymous_5)","decl":{"start":{"line":68,"column":24},"end":{"line":68,"column":25}},"loc":{"start":{"line":68,"column":39},"end":{"line":70,"column":5}},"line":68}},"branchMap":{"0":{"loc":{"start":{"line":21,"column":6},"end":{"line":37,"column":7}},"type":"if","locations":[{"start":{"line":21,"column":6},"end":{"line":37,"column":7}},{"start":{"line":33,"column":13},"end":{"line":37,"column":7}}],"line":21}},"s":{"0":2,"1":2,"2":2,"3":2,"4":2,"5":2,"6":2,"7":0,"8":0,"9":0,"10":0,"11":0,"12":0,"13":0,"14":0,"15":0,"16":2,"17":2,"18":0,"19":2,"20":0,"21":0,"22":2,"23":0,"24":2,"25":0,"26":0,"27":0,"28":0,"29":0,"30":2},"f":{"0":0,"1":0,"2":0,"3":0,"4":0,"5":0},"b":{"0":[0,0]},"_coverageSchema":"1a1c01bbd47fc00a2c39e90264f33305004495a9","hash":"eb0a4c83be1cb2a4ca6b0c9d18a7c35f6f9b11f4"}
,"/home/wael/STAGE-PFE/Project/App-PFE/BackCatchApp-Amine-new/routes/index.js": {"path":"/home/wael/STAGE-PFE/Project/App-PFE/BackCatchApp-Amine-new/routes/index.js","statementMap":{"0":{"start":{"line":1,"column":16},"end":{"line":1,"column":34}},"1":{"start":{"line":2,"column":16},"end":{"line":2,"column":42}},"2":{"start":{"line":3,"column":17},"end":{"line":3,"column":36}},"3":{"start":{"line":4,"column":0},"end":{"line":4,"column":18}},"4":{"start":{"line":6,"column":12},"end":{"line":6,"column":21}},"5":{"start":{"line":9,"column":2},"end":{"line":9,"column":42}},"6":{"start":{"line":12,"column":0},"end":{"line":12,"column":77}},"7":{"start":{"line":13,"column":0},"end":{"line":13,"column":31}},"8":{"start":{"line":14,"column":0},"end":{"line":14,"column":28}},"9":{"start":{"line":16,"column":0},"end":{"line":18,"column":3}},"10":{"start":{"line":17,"column":2},"end":{"line":17,"column":66}},"11":{"start":{"line":20,"column":0},"end":{"line":22,"column":3}},"12":{"start":{"line":24,"column":0},"end":{"line":33,"column":2}},"13":{"start":{"line":30,"column":4},"end":{"line":30,"column":56}},"14":{"start":{"line":31,"column":4},"end":{"line":31,"column":14}},"15":{"start":{"line":36,"column":0},"end":{"line":38,"column":3}},"16":{"start":{"line":37,"column":2},"end":{"line":37,"column":44}},"17":{"start":{"line":40,"column":0},"end":{"line":44,"column":3}},"18":{"start":{"line":41,"column":2},"end":{"line":41,"column":15}},"19":{"start":{"line":42,"column":2},"end":{"line":42,"column":24}},"20":{"start":{"line":43,"column":2},"end":{"line":43,"column":23}},"21":{"start":{"line":46,"column":0},"end":{"line":48,"column":3}},"22":{"start":{"line":47,"column":2},"end":{"line":47,"column":39}},"23":{"start":{"line":50,"column":0},"end":{"line":50,"column":21}}},"fnMap":{"0":{"name":"isLoggedIn","decl":{"start":{"line":8,"column":9},"end":{"line":8,"column":19}},"loc":{"start":{"line":8,"column":36},"end":{"line":10,"column":1}},"line":8},"1":{"name":"(anonymous_1)","decl":{"start":{"line":16,"column":13},"end":{"line":16,"column":14}},"loc":{"start":{"line":16,"column":27},"end":{"line":18,"column":1}},"line":16},"2":{"name":"(anonymous_2)","decl":{"start":{"line":29,"column":2},"end":{"line":29,"column":3}},"loc":{"start":{"line":29,"column":32},"end":{"line":32,"column":3}},"line":29},"3":{"name":"(anonymous_3)","decl":{"start":{"line":36,"column":34},"end":{"line":36,"column":35}},"loc":{"start":{"line":36,"column":48},"end":{"line":38,"column":1}},"line":36},"4":{"name":"(anonymous_4)","decl":{"start":{"line":40,"column":19},"end":{"line":40,"column":20}},"loc":{"start":{"line":40,"column":33},"end":{"line":44,"column":1}},"line":40},"5":{"name":"(anonymous_5)","decl":{"start":{"line":46,"column":32},"end":{"line":46,"column":33}},"loc":{"start":{"line":46,"column":46},"end":{"line":48,"column":1}},"line":46}},"branchMap":{"0":{"loc":{"start":{"line":9,"column":2},"end":{"line":9,"column":41}},"type":"cond-expr","locations":[{"start":{"line":9,"column":13},"end":{"line":9,"column":19}},{"start":{"line":9,"column":22},"end":{"line":9,"column":41}}],"line":9}},"s":{"0":2,"1":2,"2":2,"3":2,"4":2,"5":0,"6":2,"7":2,"8":2,"9":2,"10":0,"11":2,"12":2,"13":0,"14":0,"15":2,"16":0,"17":2,"18":0,"19":0,"20":0,"21":2,"22":0,"23":2},"f":{"0":0,"1":0,"2":0,"3":0,"4":0,"5":0},"b":{"0":[0,0]},"_coverageSchema":"1a1c01bbd47fc00a2c39e90264f33305004495a9","hash":"1d59c256ebcfa1a300946d233345b692e9158a27"}
,"/home/wael/STAGE-PFE/Project/App-PFE/BackCatchApp-Amine-new/routes/messageRoutes.js": {"path":"/home/wael/STAGE-PFE/Project/App-PFE/BackCatchApp-Amine-new/routes/messageRoutes.js","statementMap":{"0":{"start":{"line":1,"column":16},"end":{"line":1,"column":34}},"1":{"start":{"line":2,"column":13},"end":{"line":2,"column":37}},"2":{"start":{"line":3,"column":16},"end":{"line":3,"column":48}},"3":{"start":{"line":5,"column":13},"end":{"line":5,"column":42}},"4":{"start":{"line":14,"column":4},"end":{"line":14,"column":48}},"5":{"start":{"line":16,"column":15},"end":{"line":16,"column":31}},"6":{"start":{"line":18,"column":0},"end":{"line":18,"column":42}},"7":{"start":{"line":24,"column":0},"end":{"line":56,"column":5}},"8":{"start":{"line":25,"column":17},"end":{"line":25,"column":34}},"9":{"start":{"line":26,"column":24},"end":{"line":26,"column":32}},"10":{"start":{"line":27,"column":15},"end":{"line":27,"column":28}},"11":{"start":{"line":28,"column":17},"end":{"line":28,"column":48}},"12":{"start":{"line":30,"column":4},"end":{"line":33,"column":5}},"13":{"start":{"line":31,"column":6},"end":{"line":31,"column":54}},"14":{"start":{"line":32,"column":6},"end":{"line":32,"column":33}},"15":{"start":{"line":35,"column":21},"end":{"line":39,"column":5}},"16":{"start":{"line":41,"column":4},"end":{"line":55,"column":5}},"17":{"start":{"line":42,"column":20},"end":{"line":42,"column":52}},"18":{"start":{"line":45,"column":6},"end":{"line":48,"column":9}},"19":{"start":{"line":49,"column":6},"end":{"line":49,"column":71}},"20":{"start":{"line":51,"column":6},"end":{"line":51,"column":24}},"21":{"start":{"line":53,"column":6},"end":{"line":53,"column":22}},"22":{"start":{"line":54,"column":6},"end":{"line":54,"column":37}},"23":{"start":{"line":58,"column":0},"end":{"line":58,"column":24}}},"fnMap":{"0":{"name":"(anonymous_0)","decl":{"start":{"line":24,"column":28},"end":{"line":24,"column":29}},"loc":{"start":{"line":24,"column":48},"end":{"line":56,"column":3}},"line":24}},"branchMap":{"0":{"loc":{"start":{"line":30,"column":4},"end":{"line":33,"column":5}},"type":"if","locations":[{"start":{"line":30,"column":4},"end":{"line":33,"column":5}},{"start":{},"end":{}}],"line":30},"1":{"loc":{"start":{"line":30,"column":8},"end":{"line":30,"column":27}},"type":"binary-expr","locations":[{"start":{"line":30,"column":8},"end":{"line":30,"column":16}},{"start":{"line":30,"column":20},"end":{"line":30,"column":27}}],"line":30}},"s":{"0":2,"1":2,"2":2,"3":2,"4":2,"5":2,"6":2,"7":2,"8":0,"9":0,"10":0,"11":0,"12":0,"13":0,"14":0,"15":0,"16":0,"17":0,"18":0,"19":0,"20":0,"21":0,"22":0,"23":2},"f":{"0":0},"b":{"0":[0,0],"1":[0,0]},"_coverageSchema":"1a1c01bbd47fc00a2c39e90264f33305004495a9","hash":"ba4865756a815ca2eca8b1aee6936c9ebd4fd1c4"}
,"/home/wael/STAGE-PFE/Project/App-PFE/BackCatchApp-Amine-new/routes/payment.js": {"path":"/home/wael/STAGE-PFE/Project/App-PFE/BackCatchApp-Amine-new/routes/payment.js","statementMap":{"0":{"start":{"line":1,"column":16},"end":{"line":1,"column":34}},"1":{"start":{"line":2,"column":14},"end":{"line":2,"column":30}},"2":{"start":{"line":3,"column":13},"end":{"line":3,"column":37}},"3":{"start":{"line":4,"column":13},"end":{"line":4,"column":37}},"4":{"start":{"line":7,"column":15},"end":{"line":7,"column":31}},"5":{"start":{"line":10,"column":22},"end":{"line":30,"column":1}},"6":{"start":{"line":11,"column":14},"end":{"line":11,"column":66}},"7":{"start":{"line":12,"column":18},"end":{"line":21,"column":3}},"8":{"start":{"line":23,"column":2},"end":{"line":29,"column":3}},"9":{"start":{"line":24,"column":19},"end":{"line":24,"column":49}},"10":{"start":{"line":25,"column":4},"end":{"line":25,"column":26}},"11":{"start":{"line":27,"column":4},"end":{"line":27,"column":23}},"12":{"start":{"line":28,"column":4},"end":{"line":28,"column":51}},"13":{"start":{"line":32,"column":22},"end":{"line":81,"column":1}},"14":{"start":{"line":33,"column":20},"end":{"line":33,"column":33}},"15":{"start":{"line":35,"column":2},"end":{"line":80,"column":3}},"16":{"start":{"line":36,"column":19},"end":{"line":42,"column":6}},"17":{"start":{"line":44,"column":31},"end":{"line":44,"column":41}},"18":{"start":{"line":45,"column":17},"end":{"line":45,"column":44}},"19":{"start":{"line":46,"column":4},"end":{"line":48,"column":5}},"20":{"start":{"line":47,"column":6},"end":{"line":47,"column":63}},"21":{"start":{"line":50,"column":17},"end":{"line":50,"column":44}},"22":{"start":{"line":51,"column":4},"end":{"line":53,"column":5}},"23":{"start":{"line":52,"column":6},"end":{"line":52,"column":63}},"24":{"start":{"line":55,"column":4},"end":{"line":77,"column":10}},"25":{"start":{"line":56,"column":8},"end":{"line":76,"column":11}},"26":{"start":{"line":57,"column":30},"end":{"line":57,"column":47}},"27":{"start":{"line":58,"column":30},"end":{"line":58,"column":47}},"28":{"start":{"line":59,"column":12},"end":{"line":59,"column":52}},"29":{"start":{"line":60,"column":12},"end":{"line":60,"column":35}},"30":{"start":{"line":61,"column":12},"end":{"line":61,"column":54}},"31":{"start":{"line":62,"column":12},"end":{"line":62,"column":35}},"32":{"start":{"line":72,"column":12},"end":{"line":72,"column":80}},"33":{"start":{"line":74,"column":12},"end":{"line":74,"column":31}},"34":{"start":{"line":75,"column":12},"end":{"line":75,"column":59}},"35":{"start":{"line":78,"column":4},"end":{"line":78,"column":23}},"36":{"start":{"line":79,"column":4},"end":{"line":79,"column":52}},"37":{"start":{"line":84,"column":0},"end":{"line":84,"column":55}},"38":{"start":{"line":85,"column":0},"end":{"line":85,"column":59}},"39":{"start":{"line":88,"column":0},"end":{"line":88,"column":24}}},"fnMap":{"0":{"name":"(anonymous_0)","decl":{"start":{"line":10,"column":22},"end":{"line":10,"column":23}},"loc":{"start":{"line":10,"column":42},"end":{"line":30,"column":1}},"line":10},"1":{"name":"(anonymous_1)","decl":{"start":{"line":32,"column":22},"end":{"line":32,"column":23}},"loc":{"start":{"line":32,"column":42},"end":{"line":81,"column":1}},"line":32}},"branchMap":{"0":{"loc":{"start":{"line":46,"column":4},"end":{"line":48,"column":5}},"type":"if","locations":[{"start":{"line":46,"column":4},"end":{"line":48,"column":5}},{"start":{},"end":{}}],"line":46},"1":{"loc":{"start":{"line":51,"column":4},"end":{"line":53,"column":5}},"type":"if","locations":[{"start":{"line":51,"column":4},"end":{"line":53,"column":5}},{"start":{},"end":{}}],"line":51},"2":{"loc":{"start":{"line":55,"column":4},"end":{"line":77,"column":10}},"type":"if","locations":[{"start":{"line":55,"column":4},"end":{"line":77,"column":10}},{"start":{},"end":{}}],"line":55}},"s":{"0":3,"1":3,"2":3,"3":3,"4":3,"5":3,"6":1,"7":1,"8":1,"9":1,"10":1,"11":0,"12":0,"13":3,"14":0,"15":0,"16":0,"17":0,"18":0,"19":0,"20":0,"21":0,"22":0,"23":0,"24":0,"25":0,"26":0,"27":0,"28":0,"29":0,"30":0,"31":0,"32":0,"33":0,"34":0,"35":0,"36":0,"37":3,"38":3,"39":3},"f":{"0":1,"1":0},"b":{"0":[0,0],"1":[0,0],"2":[0,0]},"_coverageSchema":"1a1c01bbd47fc00a2c39e90264f33305004495a9","hash":"da5aa7927dc50fda6c2b46c66d22de9ca883f52d"}
,"/home/wael/STAGE-PFE/Project/App-PFE/BackCatchApp-Amine-new/routes/users.js": {"path":"/home/wael/STAGE-PFE/Project/App-PFE/BackCatchApp-Amine-new/routes/users.js","statementMap":{"0":{"start":{"line":1,"column":14},"end":{"line":1,"column":32}},"1":{"start":{"line":2,"column":13},"end":{"line":2,"column":29}},"2":{"start":{"line":3,"column":15},"end":{"line":3,"column":32}},"3":{"start":{"line":4,"column":12},"end":{"line":4,"column":35}},"4":{"start":{"line":5,"column":17},"end":{"line":5,"column":36}},"5":{"start":{"line":6,"column":13},"end":{"line":6,"column":37}},"6":{"start":{"line":7,"column":15},"end":{"line":7,"column":32}},"7":{"start":{"line":8,"column":19},"end":{"line":8,"column":40}},"8":{"start":{"line":10,"column":18},"end":{"line":10,"column":61}},"9":{"start":{"line":12,"column":0},"end":{"line":21,"column":3}},"10":{"start":{"line":13,"column":2},"end":{"line":20,"column":3}},"11":{"start":{"line":15,"column":18},"end":{"line":15,"column":37}},"12":{"start":{"line":16,"column":4},"end":{"line":16,"column":32}},"13":{"start":{"line":18,"column":4},"end":{"line":18,"column":47}},"14":{"start":{"line":19,"column":4},"end":{"line":19,"column":43}},"15":{"start":{"line":24,"column":0},"end":{"line":42,"column":3}},"16":{"start":{"line":25,"column":2},"end":{"line":41,"column":3}},"17":{"start":{"line":26,"column":20},"end":{"line":34,"column":10}},"18":{"start":{"line":36,"column":18},"end":{"line":36,"column":49}},"19":{"start":{"line":37,"column":4},"end":{"line":37,"column":20}},"20":{"start":{"line":39,"column":4},"end":{"line":39,"column":25}},"21":{"start":{"line":40,"column":4},"end":{"line":40,"column":41}},"22":{"start":{"line":47,"column":15},"end":{"line":47,"column":32}},"23":{"start":{"line":48,"column":13},"end":{"line":48,"column":42}},"24":{"start":{"line":49,"column":15},"end":{"line":49,"column":119}},"25":{"start":{"line":51,"column":0},"end":{"line":94,"column":3}},"26":{"start":{"line":54,"column":62},"end":{"line":54,"column":70}},"27":{"start":{"line":56,"column":4},"end":{"line":56,"column":68}},"28":{"start":{"line":57,"column":19},"end":{"line":57,"column":21}},"29":{"start":{"line":58,"column":2},"end":{"line":60,"column":3}},"30":{"start":{"line":58,"column":15},"end":{"line":58,"column":16}},"31":{"start":{"line":59,"column":4},"end":{"line":59,"column":76}},"32":{"start":{"line":62,"column":25},"end":{"line":62,"column":56}},"33":{"start":{"line":65,"column":15},"end":{"line":74,"column":4}},"34":{"start":{"line":76,"column":2},"end":{"line":93,"column":3}},"35":{"start":{"line":78,"column":4},"end":{"line":78,"column":22}},"36":{"start":{"line":81,"column":24},"end":{"line":86,"column":5}},"37":{"start":{"line":88,"column":5},"end":{"line":88,"column":39}},"38":{"start":{"line":90,"column":4},"end":{"line":90,"column":54}},"39":{"start":{"line":92,"column":4},"end":{"line":92,"column":51}},"40":{"start":{"line":96,"column":0},"end":{"line":119,"column":3}},"41":{"start":{"line":97,"column":30},"end":{"line":97,"column":38}},"42":{"start":{"line":100,"column":15},"end":{"line":100,"column":79}},"43":{"start":{"line":103,"column":2},"end":{"line":105,"column":3}},"44":{"start":{"line":104,"column":4},"end":{"line":104,"column":74}},"45":{"start":{"line":107,"column":2},"end":{"line":109,"column":3}},"46":{"start":{"line":108,"column":4},"end":{"line":108,"column":96}},"47":{"start":{"line":111,"column":2},"end":{"line":113,"column":3}},"48":{"start":{"line":112,"column":4},"end":{"line":112,"column":71}},"49":{"start":{"line":115,"column":16},"end":{"line":115,"column":78}},"50":{"start":{"line":118,"column":2},"end":{"line":118,"column":22}},"51":{"start":{"line":121,"column":20},"end":{"line":131,"column":1}},"52":{"start":{"line":122,"column":16},"end":{"line":122,"column":56}},"53":{"start":{"line":124,"column":2},"end":{"line":130,"column":3}},"54":{"start":{"line":125,"column":20},"end":{"line":125,"column":48}},"55":{"start":{"line":126,"column":4},"end":{"line":126,"column":32}},"56":{"start":{"line":127,"column":4},"end":{"line":127,"column":11}},"57":{"start":{"line":129,"column":4},"end":{"line":129,"column":55}},"58":{"start":{"line":133,"column":0},"end":{"line":147,"column":3}},"59":{"start":{"line":134,"column":2},"end":{"line":146,"column":3}},"60":{"start":{"line":135,"column":19},"end":{"line":135,"column":32}},"61":{"start":{"line":136,"column":17},"end":{"line":136,"column":52}},"62":{"start":{"line":138,"column":4},"end":{"line":140,"column":5}},"63":{"start":{"line":139,"column":6},"end":{"line":139,"column":65}},"64":{"start":{"line":142,"column":4},"end":{"line":142,"column":19}},"65":{"start":{"line":144,"column":4},"end":{"line":144,"column":45}},"66":{"start":{"line":145,"column":4},"end":{"line":145,"column":63}},"67":{"start":{"line":149,"column":0},"end":{"line":176,"column":3}},"68":{"start":{"line":150,"column":45},"end":{"line":150,"column":53}},"69":{"start":{"line":151,"column":17},"end":{"line":151,"column
[...]
{"line":336,"column":38}},"153":{"start":{"line":339,"column":4},"end":{"line":339,"column":22}},"154":{"start":{"line":341,"column":4},"end":{"line":341,"column":46}},"155":{"start":{"line":343,"column":4},"end":{"line":343,"column":50}},"156":{"start":{"line":344,"column":4},"end":{"line":344,"column":63}},"157":{"start":{"line":349,"column":20},"end":{"line":355,"column":2}},"158":{"start":{"line":357,"column":0},"end":{"line":379,"column":3}},"159":{"start":{"line":358,"column":16},"end":{"line":358,"column":44}},"160":{"start":{"line":360,"column":2},"end":{"line":378,"column":3}},"161":{"start":{"line":362,"column":17},"end":{"line":362,"column":65}},"162":{"start":{"line":365,"column":4},"end":{"line":367,"column":5}},"163":{"start":{"line":366,"column":6},"end":{"line":366,"column":77}},"164":{"start":{"line":370,"column":4},"end":{"line":370,"column":28}},"165":{"start":{"line":371,"column":4},"end":{"line":371,"column":39}},"166":{"start":{"line":372,"column":4},"end":{"line":372,"column":22}},"167":{"start":{"line":374,"column":4},"end":{"line":374,"column":52}},"168":{"start":{"line":376,"column":4},"end":{"line":376,"column":56}},"169":{"start":{"line":377,"column":4},"end":{"line":377,"column":63}},"170":{"start":{"line":381,"column":0},"end":{"line":420,"column":3}},"171":{"start":{"line":382,"column":20},"end":{"line":382,"column":28}},"172":{"start":{"line":384,"column":2},"end":{"line":419,"column":3}},"173":{"start":{"line":385,"column":17},"end":{"line":385,"column":46}},"174":{"start":{"line":387,"column":4},"end":{"line":389,"column":5}},"175":{"start":{"line":388,"column":6},"end":{"line":388,"column":65}},"176":{"start":{"line":392,"column":24},"end":{"line":392,"column":60}},"177":{"start":{"line":395,"column":4},"end":{"line":395,"column":55}},"178":{"start":{"line":396,"column":4},"end":{"line":396,"column":22}},"179":{"start":{"line":399,"column":24},"end":{"line":405,"column":5}},"180":{"start":{"line":407,"column":4},"end":{"line":415,"column":7}},"181":{"start":{"line":408,"column":6},"end":{"line":414,"column":7}},"182":{"start":{"line":409,"column":8},"end":{"line":409,"column":27}},"183":{"start":{"line":410,"column":8},"end":{"line":410,"column":72}},"184":{"start":{"line":412,"column":8},"end":{"line":412,"column":52}},"185":{"start":{"line":413,"column":8},"end":{"line":413,"column":97}},"186":{"start":{"line":417,"column":4},"end":{"line":417,"column":21}},"187":{"start":{"line":418,"column":4},"end":{"line":418,"column":70}},"188":{"start":{"line":423,"column":0},"end":{"line":458,"column":3}},"189":{"start":{"line":424,"column":17},"end":{"line":424,"column":30}},"190":{"start":{"line":426,"column":2},"end":{"line":457,"column":3}},"191":{"start":{"line":428,"column":17},"end":{"line":428,"column":52}},"192":{"start":{"line":431,"column":4},"end":{"line":433,"column":5}},"193":{"start":{"line":432,"column":6},"end":{"line":432,"column":65}},"194":{"start":{"line":434,"column":4},"end":{"line":436,"column":5}},"195":{"start":{"line":435,"column":6},"end":{"line":435,"column":70}},"196":{"start":{"line":438,"column":4},"end":{"line":438,"column":25}},"197":{"start":{"line":441,"column":4},"end":{"line":441,"column":22}},"198":{"start":{"line":444,"column":24},"end":{"line":449,"column":5}},"199":{"start":{"line":451,"column":4},"end":{"line":451,"column":44}},"200":{"start":{"line":453,"column":4},"end":{"line":453,"column":41}},"201":{"start":{"line":455,"column":4},"end":{"line":455,"column":45}},"202":{"start":{"line":456,"column":4},"end":{"line":456,"column":63}},"203":{"start":{"line":460,"column":0},"end":{"line":495,"column":3}},"204":{"start":{"line":461,"column":17},"end":{"line":461,"column":30}},"205":{"start":{"line":463,"column":2},"end":{"line":494,"column":3}},"206":{"start":{"line":465,"column":17},"end":{"line":465,"column":52}},"207":{"start":{"line":468,"column":4},"end":{"line":470,"column":5}},"208":{"start":{"line":469,"column":6},"end":{"line":469,"column":65}},"209":{"start":{"line":471,"column":4},"end":{"line":473,"column":5}},"210":{"start":{"line":472,"column":6},"end":{"line":472,"column":70}},"211":{"start":{"line":475,"column":4},"end":{"line":475,"column":26}},"212":{"start":{"line":478,"column":4},"end":{"line":478,"column":22}},"213":{"start":{"line":481,"column":24},"end":{"line":486,"column":5}},"214":{"start":{"line":488,"column":4},"end":{"line":488,"column":44}},"215":{"start":{"line":490,"column":4},"end":{"line":490,"column":43}},"216":{"start":{"line":492,"column":4},"end":{"line":492,"column":47}},"217":{"start":{"line":493,"column":4},"end":{"line":493,"column":63}},"218":{"start":{"line":498,"column":0},"end":{"line":511,"column":3}},"219":{"start":{"line":499,"column":13},"end":{"line":499,"column":26}},"220":{"start":{"line":500,"column":2},"end":{"line":510,"column":3}},"221":{"start":{"line":501,"column":17},"end":{"line":501,"column":59}},"222":{"start":{"line":502,"column":4},"end":{"line":505,"column":5}},"223":{"start":{"line":503,"column":6},"end":{"line":503,"column":60}},"224":{"start":{"line":504,"column":6},"end":{"line":504,"column":13}},"225":{"start":{"line":506,"column":4},"end":{"line":506,"column":26}},"226":{"start":{"line":508,"column":4},"end":{"line":508,"column":49}},"227":{"start":{"line":509,"column":4},"end":{"line":509,"column":58}},"228":{"start":{"line":515,"column":0},"end":{"line":522,"column":3}},"229":{"start":{"line":516,"column":2},"end":{"line":521,"column":3}},"230":{"start":{"line":517,"column":18},"end":{"line":517,"column":45}},"231":{"start":{"line":518,"column":4},"end":{"line":518,"column":24}},"232":{"start":{"line":520,"column":4},"end":{"line":520,"column":32}},"233":{"start":{"line":526,"column":0},"end":{"line":526,"column":24}}},"fnMap":{"0":{"name":"(anonymous_0)","decl":{"start":{"line":12,"column":16},"end":{"line":12,"column":17}},"loc":{"start":{"line":12,"column":36},"end":{"line":21,"column":1}},"line":12},"1":{"name":"(anonymous_1)","decl":{"start":{"line":24,"column":21},"end":{"line":24,"column":22}},"loc":{"start":{"line":24,"column":41},"end":{"line":42,"column":1}},"line":24},"2":{"name":"(anonymous_2)","decl":{"start":{"line":51,"column":52},"end":{"line":51,"column":53}},"loc":{"start":{"line":51,"column":72},"end":{"line":94,"column":1}},"line":51},"3":{"name":"(anonymous_3)","decl":{"start":{"line":96,"column":22},"end":{"line":96,"column":23}},"loc":{"start":{"line":96,"column":42},"end":{"line":119,"column":1}},"line":96},"4":{"name":"(anonymous_4)","decl":{"start":{"line":121,"column":20},"end":{"line":121,"column":21}},"loc":{"start":{"line":121,"column":40},"end":{"line":131,"column":1}},"line":121},"5":{"name":"(anonymous_5)","decl":{"start":{"line":133,"column":20},"end":{"line":133,"column":21}},"loc":{"start":{"line":133,"column":40},"end":{"line":147,"column":1}},"line":133},"6":{"name":"(anonymous_6)","decl":{"start":{"line":149,"column":39},"end":{"line":149,"column":40}},"loc":{"start":{"line":149,"column":59},"end":{"line":176,"column":1}},"line":149},"7":{"name":"(anonymous_7)","decl":{"start":{"line":180,"column":30},"end":{"line":180,"column":31}},"loc":{"start":{"line":180,"column":50},"end":{"line":207,"column":1}},"line":180},"8":{"name":"(anonymous_8)","decl":{"start":{"line":211,"column":31},"end":{"line":211,"column":32}},"loc":{"start":{"line":211,"column":51},"end":{"line":238,"column":1}},"line":211},"9":{"name":"(anonymous_9)","decl":{"start":{"line":243,"column":34},"end":{"line":243,"column":35}},"loc":{"start":{"line":243,"column":54},"end":{"line":262,"column":1}},"line":243},"10":{"name":"(anonymous_10)","decl":{"start":{"line":265,"column":42},"end":{"line":265,"column":43}},"loc":{"start":{"line":265,"column":62},"end":{"line":284,"column":1}},"line":265},"11":{"name":"(anonymous_11)","decl":{"start":{"line":294,"column":24},"end":{"line":294,"column":25}},"loc":{"start":{"line":294,"column":44},"end":{"line":308,"column":3}},"line":294},"12":{"name":"(anonymous_12)","decl":{"start":{"line":313,"column":19},"end":{"line":313,"column":20}},"loc":{"start":{"line":313,"column":39},"end":{"line":346,"column":1}},"line":313},"13":{"name":"(anonymous_13)","decl":{"start":{"line":357,"column":47},"end":{"line":357,"column":48}},"loc":{"start":{"line":357,"column":67},"end":{"line":379,"column":1}},"line":357},"14":{"name":"(anonymous_14)","decl":{"start":{"line":381,"column":32},"end":{"line":381,"column":33}},"loc":{"start":{"line":381,"column":52},"end":{"line":420,"column":1}},"line":381},"15":{"name":"(anonymous_15)","decl":{"start":{"line":407,"column":38},"end":{"line":407,"column":39}},"loc":{"start":{"line":407,"column":55},"end":{"line":415,"column":5}},"line":407},"16":{"name":"(anonymous_16)","decl":{"start":{"line":423,"column":23},"end":{"line":423,"column":24}},"loc":{"start":{"line":423,"column":43},"end":{"line":458,"column":1}},"line":423},"17":{"name":"(anonymous_17)","decl":{"start":{"line":460,"column":25},"end":{"line":460,"column":26}},"loc":{"start":{"line":460,"column":45},"end":{"line":495,"column":1}},"line":460},"18":{"name":"(anonymous_18)","decl":{"start":{"line":498,"column":26},"end":{"line":498,"column":27}},"loc":{"start":{"line":498,"column":46},"end":{"line":511,"column":1}},"line":498},"19":{"name":"(anonymous_19)","decl":{"start":{"line":515,"column":27},"end":{"line":515,"column":28}},"loc":{"start":{"line":515,"column":47},"end":{"line":522,"column":1}},"line":515}},"branchMap":{"0":{"loc":{"start":{"line":10,"column":18},"end":{"line":10,"column":61}},"type":"binary-expr","locations":[{"start":{"line":10,"column":18},"end":{"line":10,"column":44}},{"start":{"line":10,"column":48},"end":{"line":10,"column":61}}],"line":10},"1":{"loc":{"start":{"line":26,"column":20},"end":{"line":34,"column":10}},"type":"cond-expr","locations":[{"start":{"line":27,"column":8},"end":{"line":33,"column":9}},{"start":{"line":34,"column":8},"end":{"line":34,"column":10}}],"line":26},"2":{"loc":{"start":{"line":73,"column":16},"end":{"line":73,"column":56}},"type":"cond-expr","locations":[{"start":{"line":73,"column":27},"end":{"line":73,"column":44}},{"start":{"line":73,"column":47},"end":{"line":73,"column":56}}],"line":73},"3":{"loc":{"start":{"line":103,"column":2},"end":{"line":105,"column":3}},"type":"if","locations":[{"start":{"line":103,"column":2},"end":{"line":105,"column":3}},{"start":{},"end":{}}],"line":103},"4":{"loc":{"start":{"line":103,"column":6},"end":{"line":103,"column":61}},"type":"binary-expr","locations":[{"start":{"line":103,"column":6},"end":{"line":103,"column":11}},{"start":{"line":103,"column":15},"end":{"line":103,"column":61}}],"line":103},"5":{"loc":{"start":{"line":107,"column":2},"end":{"line":109,"column":3}},"type":"if","locations":[{"start":{"line":107,"column":2},"end":{"line":109,"column":3}},{"start":{},"end":{}}],"line":107},"6":{"loc":{"start":{"line":111,"column":2},"end":{"line":113,"column":3}},"type":"if","locations":[{"start":{"line":111,"column":2},"end":{"line":113,"column":3}},{"start":{},"end":{}}],"line":111},"7":{"loc":{"start":{"line":138,"column":4},"end":{"line":140,"column":5}},"type":"if","locations":[{"start":{"line":138,"column":4},"end":{"line":140,"column":5}},{"start":{},"end":{}}],"line":138},"8":{"loc":{"start":{"line":158,"column":4},"end":{"line":160,"column":5}},"type":"if","locations":[{"start":{"line":158,"column":4},"end":{"line":160,"column":5}},{"start":{},"end":{}}],"line":158},"9":{"loc":{"start":{"line":163,"column":17},"end":{"line":163,"column":36}},"type":"binary-expr","locations":[{"start":{"line":163,"column":17},"end":{"line":163,"column":22}},{"start":{"line":163,"column":26},"end":{"line":163,"column":36}}],"line":163},"10":{"loc":{"start":{"line":164,"column":17},"end":{"line":164,"column":36}},"type":"binary-expr","locations":[{"start":{"line":164,"column":17},"end":{"line":164,"column":22}},{"start":{"line":164,"column":26},"end":{"line":164,"column":36}}],"line":164},"11":{"loc":{"start":{"line":165,"column":21},"end":{"line":165,"column":48}},"type":"binary-expr","locations":[{"start":{"line":165,"column":21},"end":{"line":165,"column":30}},{"start":{"line":165,"column":34},"end":{"line":165,"column":48}}],"line":165},"12":{"loc":{"start":{"line":166,"column":17},"end":{"line":166,"column":36}},"type":"binary-expr","locations":[{"start":{"line":166,"column":17},"end":{"line":166,"column":22}},{"start":{"line":166,"column":26},"end":{"line":166,"column":36}}],"line":166},"13":{"loc":{"start":{"line":189,"column":4},"end":{"line":191,"column":5}},"type":"if","locations":[{"start":{"line":189,"column":4},"end":{"line":191,"column":5}},{"start":{},"end":{}}],"line":189},"14":{"loc":{"start":{"line":194,"column":17},"end":{"line":194,"column":36}},"type":"binary-expr","locations":[{"start":{"line":194,"column":17},"end":{"line":194,"column":22}},{"start":{"line":194,"column":26},"end":{"line":194,"column":36}}],"line":194},"15":{"loc":{"start":{"line":195,"column":17},"end":{"line":195,"column":36}},"type":"binary-expr","locations":[{"start":{"line":195,"column":17},"end":{"line":195,"column":22}},{"start":{"line":195,"column":26},"end":{"line":195,"column":36}}],"line":195},"16":{"loc":{"start":{"line":196,"column":21},"end":{"line":196,"column":48}},"type":"binary-expr","locations":[{"start":{"line":196,"column":21},"end":{"line":196,"column":30}},{"start":{"line":196,"column":34},"end":{"line":196,"column":48}}],"line":196},"17":{"loc":{"start":{"line":197,"column":17},"end":{"line":197,"column":36}},"type":"binary-expr","locations":[{"start":{"line":197,"column":17},"end":{"line":197,"column":22}},{"start":{"line":197,"column":26},"end":{"line":197,"column":36}}],"line":197},"18":{"loc":{"start":{"line":220,"column":4},"end":{"line":222,"column":5}},"type":"if","locations":[{"start":{"line":220,"column":4},"end":{"line":222,"column":5}},{"start":{},"end":{}}],"line":220},"19":{"loc":{"start":{"line":225,"column":17},"end":{"line":225,"column":36}},"type":"binary-expr","locations":[{"start":{"line":225,"column":17},"end":{"line":225,"column":22}},{"start":{"line":225,"column":26},"end":{"line":225,"column":36}}],"line":225},"20":{"loc":{"start":{"line":226,"column":17},"end":{"line":226,"column":36}},"type":"binary-expr","locations":[{"start":{"line":226,"column":17},"end":{"line":226,"column":22}},{"start":{"line":226,"column":26},"end":{"line":226,"column":36}}],"line":226},"21":{"loc":{"start":{"line":227,"column":21},"end":{"line":227,"column":48}},"type":"binary-expr","locations":[{"start":{"line":227,"column":21},"end":{"line":227,"column":30}},{"start":{"line":227,"column":34},"end":{"line":227,"column":48}}],"line":227},"22":{"loc":{"start":{"line":228,"column":17},"end":{"line":228,"column":36}},"type":"binary-expr","locations":[{"start":{"line":228,"column":17},"end":{"line":228,"column":22}},{"start":{"line":228,"column":26},"end":{"line":228,"column":36}}],"line":228},"23":{"loc":{"start":{"line":250,"column":4},"end":{"line":252,"column":5}},"type":"if","locations":[{"start":{"line":250,"column":4},"end":{"line":252,"column":5}},{"start":{},"end":{}}],"line":250},"24":{"loc":{"start":{"line":272,"column":4},"end":{"line":274,"column":5}},"type":"if","locations":[{"start":{"line":272,"column":4},"end":{"line":274,"column":5}},{"start":{},"end":{}}],"line":272},"25":{"loc":{"start":{"line":299,"column":6},"end":{"line":301,"column":7}},"type":"if","locations":[{"start":{"line":299,"column":6},"end":{"line":301,"column":7}},{"start":{},"end":{}}],"line":299},"26":{"loc":{"start":{"line":322,"column":4},"end":{"line":324,"column":5}},"type":"if","locations":[{"start":{"line":322,"column":4},"end":{"line":324,"column":5}},{"start":{},"end":{}}],"line":322},"27":{"loc":{"start":{"line":328,"column":4},"end":{"line":330,"column":5}},"type":"if","locations":[{"start":{"line":328,"column":4},"end":{"line":330,"column":5}},{"start":{},"end":{}}],"line":328},"28":{"loc":{"start":{"line":365,"column":4},"end":{"line":367,"column":5}},"type":"if","locations":[{"start":{"line":365,"column":4},"end":{"line":367,"column":5}},{"start":{},"end":{}}],"line":365},"29":{"loc":{"start":{"line":387,"column":4},"end":{"line":389,"column":5}},"type":"if","locations":[{"start":{"line":387,"column":4},"end":{"line":389,"column":5}},{"start":{},"end":{}}],"line":387},"30":{"loc":{"start":{"line":408,"column":6},"end":{"line":414,"column":7}},"type":"if","locations":[{"start":{"line":408,"column":6},"end":{"line":414,"column":7}},{"start":{"line":411,"column":13},"end":{"line":414,"column":7}}],"line":408},"31":{"loc":{"start":{"line":431,"column":4},"end":{"line":433,"column":5}},"type":"if","locations":[{"start":{"line":431,"column":4},"end":{"line":433,"column":5}},{"start":{},"end":{}}],"line":431},"32":{"loc":{"start":{"line":434,"column":4},"end":{"line":436,"column":5}},"type":"if","locations":[{"start":{"line":434,"column":4},"end":{"line":436,"column":5}},{"start":{},"end":{}}],"line":434},"33":{"loc":{"start":{"line":468,"column":4},"end":{"line":470,"column":5}},"type":"if","locations":[{"start":{"line":468,"column":4},"end":{"line":470,"column":5}},{"start":{},"end":{}}],"line":468},"34":{"loc":{"start":{"line":471,"column":4},"end":{"line":473,"column":5}},"type":"if","locations":[{"start":{"line":471,"column":4},"end":{"line":473,"column":5}},{"start":{},"end":{}}],"line":471},"35":{"loc":{"start":{"line":502,"column":4},"end":{"line":505,"column":5}},"type":"if","locations":[{"start":{"line":502,"column":4},"end":{"line":505,"column":5}},{"start":{},"end":{}}],"line":502}},"s":{"0":3,"1":3,"2":3,"3":3,"4":3,"5":3,"6":3,"7":3,"8":3,"9":3,"10":1,"11":1,"12":1,"13":0,"14":0,"15":3,"16":0,"17":0,"18":0,"19":0,"20":0,"21":0,"22":3,"23":3,"24":3,"25":3,"26":1,"27":1,"28":1,"29":1,"30":1,"31":25,"32":1,"33":1,"34":1,"35":1,"36":1,"37":1,"38":1,"39":0,"40":3,"41":0,"42":0,"43":0,"44":0,"45":0,"46":0,"47":0,"48":0,"49":0,"50":0,"51":3,"52":0,"53":0,"54":0,"55":0,"56":0,"57":0,"58":3,"59":0,"60":0,"61":0,"62":0,"63":0,"64":0,"65":0,"66":0,"67":3,"68":0,"69":0,"70":0,"71":0,"72":0,"73":0,"74":0,"75":0,"76":0,"77":0,"78":0,"79":0,"80":0,"81":0,"82":3,"83":0,"84":0,"85":0,"86":0,"87":0,"88":0,"89":0,"90":0,"91":0,"92":0,"93":0,"94":0,"95":0,"96":0,"97":3,"98":0,"99":0,"100":0,"101":0,"102":0,"103":0,"104":0,"105":0,"106":0,"107":0,"108":0,"109":0,"110":0,"111":0,"112":3,"113":0,"114":0,"115":0,"116":0,"117":0,"118":0,"119":0,"120":0,"121":0,"122":3,"123":0,"124":0,"125":0,"126":0,"127":0,"128":0,"129":0,"130":0,"131":0,"132":3,"133":0,"134":0,"135":0,"136":0,"137":0,"138":0,"139":0,"140":0,"141":3,"142":0,"143":0,"144":0,"145":0,"146":0,"147":0,"148":0,"149":0,"150":0,"151":0,"152":0,"153":0,"154":0,"155":0,"156":0,"157":3,"158":3,"159":0,"160":0,"161":0,"162":0,"163":0,"164":0,"165":0,"166":0,"167":0,"168":0,"169":0,"170":3,"171":0,"172":0,"173":0,"174":0,"175":0,"176":0,"177":0,"178":0,"179":0,"180":0,"181":0,"182":0,"183":0,"184":0,"185":0,"186":0,"187":0,"188":3,"189":0,"190":0,"191":0,"192":0,"193":0,"194":0,"195":0,"196":0,"197":0,"198":0,"199":0,"200":0,"201":0,"202":0,"203":3,"204":0,"205":0,"206":0,"207":0,"208":0,"209":0,"210":0,"211":0,"212":0,"213":0,"214":0,"215":0,"216":0,"217":0,"218":3,"219":0,"220":0,"221":0,"222":0,"223":0,"224":0,"225":0,"226":0,"227":0,"228":3,"229":0,"230":0,"231":0,"232":0,"233":3},"f":{"0":1,"1":0,"2":1,"3":0,"4":0,"5":0,"6":0,"7":0,"8":0,"9":0,"10":0,"11":0,"12":0,"13":0,"14":0,"15":0,"16":0,"17":0,"18":0,"19":0},"b":{"0":[3,3],"1":[0,0],"2":[0,1],"3":[0,0],"4":[0,0],"5":[0,0],"6":[0,0],"7":[0,0],"8":[0,0],"9":[0,0],"10":[0,0],"11":[0,0],"12":[0,0],"13":[0,0],"14":[0,0],"15":[0,0],"16":[0,0],"17":[0,0],"18":[0,0],"19":[0,0],"20":[0,0],"21":[0,0],"22":[0,0],"23":[0,0],"24":[0,0],"25":[0,0],"26":[0,0],"27":[0,0],"28":[0,0],"29":[0,0],"30":[0,0],"31":[0,0],"32":[0,0],"33":[0,0],"34":[0,0],"35":[0,0]},"_coverageSchema":"1a1c01bbd47fc00a2c39e90264f33305004495a9","hash":"af15d951b1c4c4fc2213b65e896c83cd0a869b13"}
}
