TN:
SF:app.js
FN:49,(anonymous_0)
FN:54,(anonymous_1)
FN:72,(anonymous_2)
FN:74,(anonymous_3)
FN:79,(anonymous_4)
FN:83,(anonymous_5)
FN:84,(anonymous_6)
FN:86,(anonymous_7)
FN:91,(anonymous_8)
FN:98,(anonymous_9)
FNF:10
FNH:0
FNDA:0,(anonymous_0)
FNDA:0,(anonymous_1)
FNDA:0,(anonymous_2)
FNDA:0,(anonymous_3)
FNDA:0,(anonymous_4)
FNDA:0,(anonymous_5)
FNDA:0,(anonymous_6)
FNDA:0,(anonymous_7)
FNDA:0,(anonymous_8)
FNDA:0,(anonymous_9)
DA:1,2
DA:2,2
DA:3,2
DA:4,2
DA:5,2
DA:6,2
DA:11,2
DA:13,2
DA:14,2
DA:15,2
DA:16,2
DA:17,2
DA:18,2
DA:19,2
DA:20,2
DA:21,2
DA:22,2
DA:24,2
DA:26,2
DA:27,2
DA:30,2
DA:31,2
DA:33,2
DA:34,2
DA:35,2
DA:36,2
DA:37,2
DA:39,2
DA:40,2
DA:41,2
DA:42,2
DA:43,2
DA:44,2
DA:45,2
DA:46,2
DA:47,2
DA:49,2
DA:50,0
DA:54,2
DA:56,0
DA:57,0
DA:62,2
DA:63,2
DA:72,2
DA:73,0
DA:74,0
DA:75,0
DA:76,0
DA:79,0
DA:80,0
DA:81,0
DA:83,0
DA:84,0
DA:86,0
DA:87,0
DA:89,0
DA:91,0
DA:92,0
DA:94,0
DA:98,0
DA:99,0
DA:100,0
DA:113,2
LF:63
LH:42
BRDA:57,0,0,0
BRDA:57,0,1,0
BRDA:89,1,0,0
BRDA:89,1,1,0
BRDA:92,2,0,0
BRDA:92,2,1,0
BRF:6
BRH:0
end_of_record
TN:
SF:controllers/messageControllers.js
FN:6,(anonymous_0)
FNF:1
FNH:0
FNDA:0,(anonymous_0)
DA:1,2
DA:2,2
DA:6,2
DA:7,0
DA:8,0
DA:11,0
DA:13,0
DA:14,0
DA:19,2
LF:9
LH:4
BRF:0
BRH:0
end_of_record
TN:
SF:model/chatModel.js
FNF:0
FNH:0
DA:1,3
DA:3,3
DA:21,3
DA:23,3
LF:4
LH:4
BRF:0
BRH:0
end_of_record
TN:
SF:model/club.js
FNF:0
FNH:0
DA:1,4
DA:2,4
DA:4,4
DA:83,4
LF:4
LH:4
BRF:0
BRH:0
end_of_record
TN:
SF:model/event.js
FNF:0
FNH:0
DA:1,3
DA:2,3
DA:3,3
DA:49,3
LF:4
LH:4
BRF:0
BRH:0
end_of_record
TN:
SF:model/messageModel.js
FNF:0
FNH:0
DA:1,2
DA:3,2
DA:13,2
DA:14,2
LF:4
LH:4
BRF:0
BRH:0
end_of_record
TN:
SF:model/user.js
FNF:0
FNH:0
DA:1,6
DA:2,6
DA:4,6
DA:69,6
LF:4
LH:4
BRF:0
BRH:0
end_of_record
TN:
SF:routes/PaymentEvent.js
FN:10,(anonymous_0)
FN:43,(anonymous_1)
FNF:2
FNH:0
FNDA:0,(anonymous_0)
FNDA:0,(anonymous_1)
DA:1,2
DA:2,2
DA:3,2
DA:4,2
DA:7,2
DA:10,2
DA:11,0
DA:12,0
DA:13,0
DA:14,0
DA:17,0
DA:18,0
DA:19,0
DA:22,0
DA:23,0
DA:34,0
DA:35,0
DA:36,0
DA:38,0
DA:39,0
DA:43,2
DA:44,0
DA:46,0
DA:47,0
DA:55,0
DA:56,0
DA:57,0
DA:58,0
DA:61,0
DA:62,0
DA:63,0
DA:66,0
DA:67,0
DA:68,0
DA:69,0
DA:70,0
DA:71,0
DA:72,0
DA:73,0
DA:74,0
DA:76,0
DA:77,0
DA:80,0
DA:81,0
DA:84,2
DA:85,2
DA:88,2
LF:47
LH:10
BRDA:13,0,0,0
BRDA:13,0,1,0
BRDA:18,1,0,0
BRDA:18,1,1,0
BRDA:57,2,0,0
BRDA:57,2,1,0
BRDA:62,3,0,0
BRDA:62,3,1,0
BRDA:66,4,0,0
BRDA:66,4,1,0
BRF:10
BRH:0
end_of_record
TN:
SF:routes/auth.js
FN:14,(anonymous_0)
FN:18,(anonymous_1)
FN:22,(anonymous_2)
FNF:3
FNH:0
FNDA:0,(anonymous_0)
FNDA:0,(anonymous_1)
FNDA:0,(anonymous_2)
DA:2,2
DA:3,2
DA:5,2
DA:6,2
DA:8,2
DA:15,0
DA:18,2
DA:19,0
DA:22,2
DA:23,0
DA:26,2
LF:11
LH:8
BRF:0
BRH:0
end_of_record
TN:
SF:routes/chatRoutes.js
FN:16,(anonymous_0)
FN:64,(anonymous_1)
FN:68,(anonymous_2)
FN:79,(anonymous_3)
FN:91,(anonymous_4)
FN:104,(anonymous_5)
FN:141,(anonymous_6)
FN:182,(anonymous_7)
FN:211,(anonymous_8)
FNF:9
FNH:1
FNDA:0,(anonymous_0)
FNDA:0,(anonymous_1)
FNDA:1,(anonymous_2)
FNDA:0,(anonymous_3)
FNDA:0,(anonymous_4)
FNDA:0,(anonymous_5)
FNDA:0,(anonymous_6)
FNDA:0,(anonymous_7)
FNDA:0,(anonymous_8)
DA:1,3
DA:4,3
DA:5,3
DA:6,3
DA:7,3
DA:16,3
DA:17,0
DA:18,0
DA:19,0
DA:20,0
DA:21,0
DA:22,0
DA:23,0
DA:26,0
DA:36,0
DA:41,0
DA:42,0
DA:44,0
DA:50,0
DA:51,0
DA:52,0
DA:56,0
DA:58,0
DA:59,0
DA:64,3
DA:65,0
DA:68,3
DA:69,1
DA:70,1
DA:71,1
DA:73,0
DA:74,0
DA:79,3
DA:81,0
DA:82,0
DA:84,0
DA:86,0
DA:92,0
DA:96,0
DA:99,0
DA:100,0
DA:104,3
DA:105,0
DA:106,0
DA:107,0
DA:108,0
DA:111,0
DA:113,0
DA:114,0
DA:117,0
DA:119,0
DA:120,0
DA:127,0
DA:131,0
DA:133,0
DA:134,0
DA:141,3
DA:142,0
DA:143,0
DA:144,0
DA:146,0
DA:147,0
DA:148,0
DA:152,0
DA:154,0
DA:166,0
DA:167,0
DA:168,0
DA:170,0
DA:174,0
DA:182,3
DA:183,0
DA:184,0
DA:185,0
DA:186,0
DA:187,0
DA:191,0
DA:203,0
DA:204,0
DA:205,0
DA:207,0
DA:211,3
DA:212,0
DA:213,0
DA:214,0
DA:215,0
DA:217,0
DA:219,0
DA:220,0
DA:231,3
LF:90
LH:17
BRDA:20,0,0,0
BRDA:20,0,1,0
BRDA:41,1,0,0
BRDA:41,1,1,0
BRDA:107,2,0,0
BRDA:107,2,1,0
BRDA:107,3,0,0
BRDA:107,3,1,0
BRDA:113,4,0,0
BRDA:113,4,1,0
BRDA:146,5,0,0
BRDA:146,5,1,0
BRDA:152,6,0,0
BRDA:152,6,1,0
BRDA:166,7,0,0
BRDA:166,7,1,0
BRDA:185,8,0,0
BRDA:185,8,1,0
BRDA:203,9,0,0
BRDA:203,9,1,0
BRDA:214,10,0,0
BRDA:214,10,1,0
BRF:22
BRH:0
end_of_record
TN:
SF:routes/clubs.js
FN:10,(anonymous_0)
FN:24,(anonymous_1)
FN:75,(anonymous_2)
FN:89,(anonymous_3)
FN:116,(anonymous_4)
FN:139,(anonymous_5)
FN:169,(anonymous_6)
FN:186,(anonymous_7)
FN:215,(anonymous_8)
FN:236,(anonymous_9)
FNF:10
FNH:5
FNDA:1,(anonymous_0)
FNDA:2,(anonymous_1)
FNDA:1,(anonymous_2)
FNDA:1,(anonymous_3)
FNDA:1,(anonymous_4)
FNDA:0,(anonymous_5)
FNDA:0,(anonymous_6)
FNDA:0,(anonymous_7)
FNDA:0,(anonymous_8)
FNDA:0,(anonymous_9)
DA:1,2
DA:2,2
DA:3,2
DA:4,2
DA:5,2
DA:7,2
DA:10,2
DA:11,1
DA:12,1
DA:13,1
DA:15,0
DA:16,0
DA:20,2
DA:21,2
DA:24,2
DA:25,2
DA:28,2
DA:29,2
DA:30,2
DA:31,0
DA:34,2
DA:41,2
DA:44,2
DA:46,2
DA:48,2
DA:50,2
DA:51,2
DA:52,0
DA:53,0
DA:56,2
DA:63,2
DA:64,2
DA:66,2
DA:71,0
DA:75,2
DA:76,1
DA:77,1
DA:78,1
DA:79,0
DA:81,1
DA:83,0
DA:89,2
DA:90,1
DA:91,1
DA:92,1
DA:93,1
DA:94,1
DA:95,0
DA:97,1
DA:98,1
DA:99,1
DA:100,1
DA:101,1
DA:102,0
DA:105,1
DA:107,1
DA:108,1
DA:110,0
DA:111,0
DA:116,2
DA:117,1
DA:118,1
DA:119,1
DA:120,0
DA:124,1
DA:125,1
DA:127,1
DA:128,1
DA:131,1
DA:135,1
DA:139,1
DA:140,0
DA:144,0
DA:146,1
DA:147,1
DA:149,0
DA:169,2
DA:170,0
DA:171,0
DA:172,0
DA:173,0
DA:174,0
DA:175,0
DA:177,0
DA:179,0
DA:180,0
DA:186,2
DA:187,0
DA:188,0
DA:193,0
DA:194,0
DA:197,0
DA:202,0
DA:203,0
DA:206,0
DA:208,0
DA:209,0
DA:215,2
DA:216,0
DA:217,0
DA:218,0
DA:220,0
DA:221,0
DA:226,0
DA:228,0
DA:229,0
DA:236,2
DA:237,0
DA:238,0
DA:239,0
DA:241,0
DA:243,0
DA:248,0
DA:250,0
DA:251,0
DA:262,2
LF:116
LH:65
BRDA:30,0,0,0
BRDA:30,0,1,2
BRDA:39,1,0,0
BRDA:39,1,1,2
BRDA:51,2,0,0
BRDA:51,2,1,2
BRDA:78,3,0,0
BRDA:78,3,1,1
BRDA:94,4,0,0
BRDA:94,4,1,1
BRDA:97,5,0,1
BRDA:97,5,1,0
BRDA:98,6,0,1
BRDA:98,6,1,0
BRDA:99,7,0,1
BRDA:99,7,1,0
BRDA:100,8,0,1
BRDA:100,8,1,0
BRDA:101,9,0,0
BRDA:101,9,1,1
BRDA:119,10,0,0
BRDA:119,10,1,1
BRDA:127,11,0,1
BRDA:127,11,1,0
BRDA:173,12,0,0
BRDA:173,12,1,0
BRDA:193,13,0,0
BRDA:193,13,1,0
BRDA:202,14,0,0
BRDA:202,14,1,0
BRF:30
BRH:12
end_of_record
TN:
SF:routes/events.js
FN:7,(anonymous_0)
FN:17,(anonymous_1)
FN:23,(anonymous_2)
FN:40,(anonymous_3)
FN:65,(anonymous_4)
FN:102,(anonymous_5)
FN:124,(anonymous_6)
FN:135,(anonymous_7)
FN:154,(anonymous_8)
FN:166,(anonymous_9)
FN:202,(anonymous_10)
FNF:11
FNH:4
FNDA:1,(anonymous_0)
FNDA:1,(anonymous_1)
FNDA:1,(anonymous_2)
FNDA:1,(anonymous_3)
FNDA:0,(anonymous_4)
FNDA:0,(anonymous_5)
FNDA:0,(anonymous_6)
FNDA:0,(anonymous_7)
FNDA:0,(anonymous_8)
FNDA:0,(anonymous_9)
FNDA:0,(anonymous_10)
DA:1,3
DA:2,3
DA:3,3
DA:4,3
DA:5,3
DA:7,3
DA:8,1
DA:9,1
DA:10,1
DA:12,0
DA:13,0
DA:17,3
DA:19,1
DA:23,3
DA:24,1
DA:25,1
DA:26,1
DA:27,1
DA:29,0
DA:30,0
DA:36,3
DA:37,3
DA:40,3
DA:41,1
DA:42,1
DA:43,1
DA:54,1
DA:55,1
DA:59,1
DA:61,0
DA:65,3
DA:66,0
DA:67,0
DA:68,0
DA:69,0
DA:70,0
DA:72,0
DA:76,0
DA:77,0
DA:78,0
DA:79,0
DA:80,0
DA:81,0
DA:82,0
DA:83,0
DA:84,0
DA:85,0
DA:88,0
DA:90,0
DA:91,0
DA:95,0
DA:97,0
DA:102,3
DA:103,0
DA:104,0
DA:105,0
DA:106,0
DA:108,0
DA:112,0
DA:116,0
DA:117,0
DA:119,0
DA:124,3
DA:125,0
DA:126,0
DA:127,0
DA:129,0
DA:135,3
DA:136,0
DA:137,0
DA:138,0
DA:139,0
DA:141,0
DA:143,0
DA:154,3
DA:155,0
DA:156,0
DA:157,0
DA:158,0
DA:160,0
DA:162,0
DA:166,3
DA:167,0
DA:172,0
DA:173,0
DA:174,0
DA:179,0
DA:180,0
DA:181,0
DA:183,0
DA:184,0
DA:186,0
DA:187,0
DA:189,0
DA:190,0
DA:191,0
DA:192,0
DA:193,0
DA:195,0
DA:202,3
DA:203,0
DA:204,0
DA:209,0
DA:210,0
DA:213,0
DA:218,0
DA:219,0
DA:222,0
DA:224,0
DA:225,0
DA:251,3
LF:111
LH:33
BRDA:52,0,0,0
BRDA:52,0,1,1
BRDA:69,1,0,0
BRDA:69,1,1,0
BRDA:76,2,0,0
BRDA:76,2,1,0
BRDA:77,3,0,0
BRDA:77,3,1,0
BRDA:78,4,0,0
BRDA:78,4,1,0
BRDA:79,5,0,0
BRDA:79,5,1,0
BRDA:80,6,0,0
BRDA:80,6,1,0
BRDA:81,7,0,0
BRDA:81,7,1,0
BRDA:82,8,0,0
BRDA:82,8,1,0
BRDA:83,9,0,0
BRDA:83,9,1,0
BRDA:84,10,0,0
BRDA:84,10,1,0
BRDA:105,11,0,0
BRDA:105,11,1,0
BRDA:138,12,0,0
BRDA:138,12,1,0
BRDA:157,13,0,0
BRDA:157,13,1,0
BRDA:173,14,0,0
BRDA:173,14,1,0
BRDA:180,15,0,0
BRDA:180,15,1,0
BRDA:183,16,0,0
BRDA:183,16,1,0
BRDA:186,17,0,0
BRDA:186,17,1,0
BRDA:209,18,0,0
BRDA:209,18,1,0
BRDA:218,19,0,0
BRDA:218,19,1,0
BRF:40
BRH:1
end_of_record
TN:
SF:routes/facebook.js
FN:16,(anonymous_0)
FN:49,(anonymous_1)
FN:55,(anonymous_2)
FN:64,(anonymous_3)
FN:66,(anonymous_4)
FN:68,(anonymous_5)
FNF:6
FNH:0
FNDA:0,(anonymous_0)
FNDA:0,(anonymous_1)
FNDA:0,(anonymous_2)
FNDA:0,(anonymous_3)
FNDA:0,(anonymous_4)
FNDA:0,(anonymous_5)
DA:1,2
DA:2,2
DA:3,2
DA:4,2
DA:6,2
DA:7,2
DA:9,2
DA:17,0
DA:21,0
DA:22,0
DA:23,0
DA:24,0
DA:30,0
DA:32,0
DA:34,0
DA:36,0
DA:42,2
DA:44,2
DA:51,0
DA:55,2
DA:56,0
DA:61,0
DA:64,2
DA:66,2
DA:67,0
DA:68,0
DA:69,0
DA:71,0
DA:73,0
DA:77,2
LF:30
LH:13
BRDA:21,0,0,0
BRDA:21,0,1,0
BRF:2
BRH:0
end_of_record
TN:
SF:routes/index.js
FN:8,isLoggedIn
FN:16,(anonymous_1)
FN:29,(anonymous_2)
FN:36,(anonymous_3)
FN:40,(anonymous_4)
FN:46,(anonymous_5)
FNF:6
FNH:0
FNDA:0,isLoggedIn
FNDA:0,(anonymous_1)
FNDA:0,(anonymous_2)
FNDA:0,(anonymous_3)
FNDA:0,(anonymous_4)
FNDA:0,(anonymous_5)
DA:1,2
DA:2,2
DA:3,2
DA:4,2
DA:6,2
DA:9,0
DA:12,2
DA:13,2
DA:14,2
DA:16,2
DA:17,0
DA:20,2
DA:24,2
DA:30,0
DA:31,0
DA:36,2
DA:37,0
DA:40,2
DA:41,0
DA:42,0
DA:43,0
DA:46,2
DA:47,0
DA:50,2
LF:24
LH:15
BRDA:9,0,0,0
BRDA:9,0,1,0
BRF:2
BRH:0
end_of_record
TN:
SF:routes/messageRoutes.js
FN:24,(anonymous_0)
FNF:1
FNH:0
FNDA:0,(anonymous_0)
DA:1,2
DA:2,2
DA:3,2
DA:5,2
DA:14,2
DA:16,2
DA:18,2
DA:24,2
DA:25,0
DA:26,0
DA:27,0
DA:28,0
DA:30,0
DA:31,0
DA:32,0
DA:35,0
DA:41,0
DA:42,0
DA:45,0
DA:49,0
DA:51,0
DA:53,0
DA:54,0
DA:58,2
LF:24
LH:9
BRDA:30,0,0,0
BRDA:30,0,1,0
BRDA:30,1,0,0
BRDA:30,1,1,0
BRF:4
BRH:0
end_of_record
TN:
SF:routes/payment.js
FN:10,(anonymous_0)
FN:32,(anonymous_1)
FNF:2
FNH:1
FNDA:1,(anonymous_0)
FNDA:0,(anonymous_1)
DA:1,3
DA:2,3
DA:3,3
DA:4,3
DA:7,3
DA:10,3
DA:11,1
DA:12,1
DA:23,1
DA:24,1
DA:25,1
DA:27,0
DA:28,0
DA:32,3
DA:33,0
DA:35,0
DA:36,0
DA:44,0
DA:45,0
DA:46,0
DA:47,0
DA:50,0
DA:51,0
DA:52,0
DA:55,0
DA:56,0
DA:57,0
DA:58,0
DA:59,0
DA:60,0
DA:61,0
DA:62,0
DA:72,0
DA:74,0
DA:75,0
DA:78,0
DA:79,0
DA:84,3
DA:85,3
DA:88,3
LF:40
LH:15
BRDA:46,0,0,0
BRDA:46,0,1,0
BRDA:51,1,0,0
BRDA:51,1,1,0
BRDA:55,2,0,0
BRDA:55,2,1,0
BRF:6
BRH:0
end_of_record
TN:
SF:routes/users.js
FN:12,(anonymous_0)
FN:24,(anonymous_1)
FN:51,(anonymous_2)
FN:96,(anonymous_3)
FN:121,(anonymous_4)
FN:133,(anonymous_5)
FN:149,(anonymous_6)
FN:180,(anonymous_7)
FN:211,(anonymous_8)
FN:243,(anonymous_9)
FN:265,(anonymous_10)
FN:294,(anonymous_11)
FN:313,(anonymous_12)
FN:357,(anonymous_13)
FN:381,(anonymous_14)
FN:407,(anonymous_15)
FN:423,(anonymous_16)
FN:460,(anonymous_17)
FN:498,(anonymous_18)
FN:515,(anonymous_19)
FNF:20
FNH:2
FNDA:1,(anonymous_0)
FNDA:0,(anonymous_1)
FNDA:1,(anonymous_2)
FNDA:0,(anonymous_3)
FNDA:0,(anonymous_4)
FNDA:0,(anonymous_5)
FNDA:0,(anonymous_6)
FNDA:0,(anonymous_7)
FNDA:0,(anonymous_8)
FNDA:0,(anonymous_9)
FNDA:0,(anonymous_10)
FNDA:0,(anonymous_11)
FNDA:0,(anonymous_12)
FNDA:0,(anonymous_13)
FNDA:0,(anonymous_14)
FNDA:0,(anonymous_15)
FNDA:0,(anonymous_16)
FNDA:0,(anonymous_17)
FNDA:0,(anonymous_18)
FNDA:0,(anonymous_19)
DA:1,3
DA:2,3
DA:3,3
DA:4,3
DA:5,3
DA:6,3
DA:7,3
DA:8,3
DA:10,3
DA:12,3
DA:13,1
DA:15,1
DA:16,1
DA:18,0
DA:19,0
DA:24,3
DA:25,0
DA:26,0
DA:36,0
DA:37,0
DA:39,0
DA:40,0
DA:47,3
DA:48,3
DA:49,3
DA:51,3
DA:54,1
DA:56,1
DA:57,1
DA:58,1
DA:59,25
DA:62,1
DA:65,1
DA:76,1
DA:78,1
DA:81,1
DA:88,1
DA:90,1
DA:92,0
DA:96,3
DA:97,0
DA:100,0
DA:103,0
DA:104,0
DA:107,0
DA:108,0
DA:111,0
DA:112,0
DA:115,0
DA:118,0
DA:121,3
DA:122,0
DA:124,0
DA:125,0
DA:126,0
DA:127,0
DA:129,0
DA:133,3
DA:134,0
DA:135,0
DA:136,0
DA:138,0
DA:139,0
DA:142,0
DA:144,0
DA:145,0
DA:149,3
DA:150,0
DA:151,0
DA:153,0
DA:155,0
DA:158,0
DA:159,0
DA:163,0
DA:164,0
DA:165,0
DA:166,0
DA:169,0
DA:171,0
DA:173,0
DA:174,0
DA:180,3
DA:181,0
DA:182,0
DA:184,0
DA:186,0
DA:189,0
DA:190,0
DA:194,0
DA:195,0
DA:196,0
DA:197,0
DA:200,0
DA:202,0
DA:204,0
DA:205,0
DA:211,3
DA:212,0
DA:213,0
DA:215,0
DA:217,0
DA:220,0
DA:221,0
DA:225,0
DA:226,0
DA:227,0
DA:228,0
DA:231,0
DA:233,0
DA:235,0
DA:236,0
DA:243,3
DA:244,0
DA:245,0
DA:247,0
DA:250,0
DA:251,0
DA:254,0
DA:255,0
DA:257,0
DA:260,0
DA:265,3
DA:266,0
DA:267,0
DA:269,0
DA:272,0
DA:273,0
DA:276,0
DA:277,0
DA:279,0
DA:282,0
DA:294,3
DA:295,0
DA:296,0
DA:297,0
DA:299,0
DA:300,0
DA:303,0
DA:305,0
DA:306,0
DA:313,3
DA:314,0
DA:315,0
DA:317,0
DA:319,0
DA:322,0
DA:323,0
DA:327,0
DA:328,0
DA:329,0
DA:333,0
DA:336,0
DA:339,0
DA:341,0
DA:343,0
DA:344,0
DA:349,3
DA:357,3
DA:358,0
DA:360,0
DA:362,0
DA:365,0
DA:366,0
DA:370,0
DA:371,0
DA:372,0
DA:374,0
DA:376,0
DA:377,0
DA:381,3
DA:382,0
DA:384,0
DA:385,0
DA:387,0
DA:388,0
DA:392,0
DA:395,0
DA:396,0
DA:399,0
DA:407,0
DA:408,0
DA:409,0
DA:410,0
DA:412,0
DA:413,0
DA:417,0
DA:418,0
DA:423,3
DA:424,0
DA:426,0
DA:428,0
DA:431,0
DA:432,0
DA:434,0
DA:435,0
DA:438,0
DA:441,0
DA:444,0
DA:451,0
DA:453,0
DA:455,0
DA:456,0
DA:460,3
DA:461,0
DA:463,0
DA:465,0
DA:468,0
DA:469,0
DA:471,0
DA:472,0
DA:475,0
DA:478,0
DA:481,0
DA:488,0
DA:490,0
DA:492,0
DA:493,0
DA:498,3
DA:499,0
DA:500,0
DA:501,0
DA:502,0
DA:503,0
DA:504,0
DA:506,0
DA:508,0
DA:509,0
DA:515,3
DA:516,0
DA:517,0
DA:518,0
DA:520,0
DA:526,3
LF:233
LH:48
BRDA:10,0,0,3
BRDA:10,0,1,3
BRDA:26,1,0,0
BRDA:26,1,1,0
BRDA:73,2,0,0
BRDA:73,2,1,1
BRDA:103,3,0,0
BRDA:103,3,1,0
BRDA:103,4,0,0
BRDA:103,4,1,0
BRDA:107,5,0,0
BRDA:107,5,1,0
BRDA:111,6,0,0
BRDA:111,6,1,0
BRDA:138,7,0,0
BRDA:138,7,1,0
BRDA:158,8,0,0
BRDA:158,8,1,0
BRDA:163,9,0,0
BRDA:163,9,1,0
BRDA:164,10,0,0
BRDA:164,10,1,0
BRDA:165,11,0,0
BRDA:165,11,1,0
BRDA:166,12,0,0
BRDA:166,12,1,0
BRDA:189,13,0,0
BRDA:189,13,1,0
BRDA:194,14,0,0
BRDA:194,14,1,0
BRDA:195,15,0,0
BRDA:195,15,1,0
BRDA:196,16,0,0
BRDA:196,16,1,0
BRDA:197,17,0,0
BRDA:197,17,1,0
BRDA:220,18,0,0
BRDA:220,18,1,0
BRDA:225,19,0,0
BRDA:225,19,1,0
BRDA:226,20,0,0
BRDA:226,20,1,0
BRDA:227,21,0,0
BRDA:227,21,1,0
BRDA:228,22,0,0
BRDA:228,22,1,0
BRDA:250,23,0,0
BRDA:250,23,1,0
BRDA:272,24,0,0
BRDA:272,24,1,0
BRDA:299,25,0,0
BRDA:299,25,1,0
BRDA:322,26,0,0
BRDA:322,26,1,0
BRDA:328,27,0,0
BRDA:328,27,1,0
BRDA:365,28,0,0
BRDA:365,28,1,0
BRDA:387,29,0,0
BRDA:387,29,1,0
BRDA:408,30,0,0
BRDA:408,30,1,0
BRDA:431,31,0,0
BRDA:431,31,1,0
BRDA:434,32,0,0
BRDA:434,32,1,0
BRDA:468,33,0,0
BRDA:468,33,1,0
BRDA:471,34,0,0
BRDA:471,34,1,0
BRDA:502,35,0,0
BRDA:502,35,1,0
BRF:72
BRH:3
end_of_record
